* using log directory 'C:/Users/Lawson/Documents/r-forge-project/daewr/pkg/daewr/..Rcheck'
* using R version 3.0.2 (2013-09-25)
* using platform: x86_64-w64-mingw32 (64-bit)
* using session charset: ISO8859-1
* checking for file './DESCRIPTION' ... OK
* checking extension type ... Package
* this is package 'daewr' version '1.1-4'
* checking package namespace information ... OK
* checking package dependencies ... OK
* checking if this is a source package ... OK
* checking if there is a namespace ... OK
* checking for executable files ... OK
* checking for hidden files and directories ... NOTE
Found the following hidden files and directories:
  .Rhistory
  ..Rcheck
  .Rproj.user
These were most likely included in error. See section 'Package
structure' in the 'Writing R Extensions' manual.
* checking for portable file names ... OK
* checking whether package 'daewr' can be installed ... ERROR
Installation failed.
See 'C:/Users/Lawson/Documents/r-forge-project/daewr/pkg/daewr/..Rcheck/00install.out' for details.
