Hmm ... looks like a package
Converting Rd files to LaTeX ...
  DesignPoints.Rd
  Effplot.Rd
Warning in parse_Rd("C:/Users/Lawson/Documents/my_r_pkg/mixexp/man/Effplot.Rd",  :
  bad markup (extra space?) at Effplot.Rd:18:13
  Eflags.Rd
  MixturePlot.Rd
  Nrows.Rd
  SCD.Rd
  SLD.Rd
  Vertcen.Rd
  Xvert.Rd
  conmx.Rd
  crvtave.Rd
  mixexp-package.Rd
Creating pdf output from LaTeX ...
This is pdfTeX, Version 3.1415926-1.40.11 (MiKTeX 2.9)
entering extended mode
(C:\Users\Lawson\AppData\Local\Temp\Rd2dvi263242495\Rd2.tex
LaTeX2e <2009/09/24>
Babel <v3.8l> and hyphenation patterns for english, afrikaans, ancientgreek, ar
abic, armenian, assamese, basque, bengali, bokmal, bulgarian, catalan, coptic, 
croatian, czech, danish, dutch, esperanto, estonian, farsi, finnish, french, ga
lician, german, german-x-2009-06-19, greek, gujarati, hindi, hungarian, iceland
ic, indonesian, interlingua, irish, italian, kannada, kurmanji, lao, latin, lat
vian, lithuanian, malayalam, marathi, mongolian, mongolianlmc, monogreek, ngerm
an, ngerman-x-2009-06-19, nynorsk, oriya, panjabi, pinyin, polish, portuguese, 
romanian, russian, sanskrit, serbian, slovak, slovenian, spanish, swedish, swis
sgerman, tamil, telugu, turkish, turkmen, ukenglish, ukrainian, uppersorbian, u
senglishmax, welsh, loaded.

("C:\Program Files (x86)\MiKTeX 2.9\tex\latex\base\book.cls"
Document Class: book 2007/10/19 v1.4h Standard LaTeX document class
("C:\Program Files (x86)\MiKTeX 2.9\tex\latex\base\bk10.clo"))
(C:/PROGRA~2\R\R-211~1.1\share\texmf\Rd.sty
("C:\Program Files (x86)\MiKTeX 2.9\tex\latex\base\ifthen.sty")
("C:\Program Files (x86)\MiKTeX 2.9\tex\latex\tools\longtable.sty")
("C:\Program Files (x86)\MiKTeX 2.9\tex\latex\tools\bm.sty")
("C:\Program Files (x86)\MiKTeX 2.9\tex\latex\base\alltt.sty")
("C:\Program Files (x86)\MiKTeX 2.9\tex\latex\tools\verbatim.sty")
("C:\Program Files (x86)\MiKTeX 2.9\tex\latex\ltxmisc\url.sty")
(C:/PROGRA~2\R\R-211~1.1\share\texmf\upquote.sty
("C:\Program Files (x86)\MiKTeX 2.9\tex\latex\base\textcomp.sty"
("C:\Program Files (x86)\MiKTeX 2.9\tex\latex\base\ts1enc.def")))
NOT loading ae ("C:\Program Files (x86)\MiKTeX 2.9\tex\latex\base\fontenc.sty"
("C:\Program Files (x86)\MiKTeX 2.9\tex\latex\base\t1enc.def"))
("C:\Program Files (x86)\MiKTeX 2.9\tex\latex\psnfss\times.sty")
NOT loading lmodern
("C:\Program Files (x86)\MiKTeX 2.9\tex\latex\graphics\color.sty"
("C:\Program Files (x86)\MiKTeX 2.9\tex\latex\00miktex\color.cfg")
("C:\Program Files (x86)\MiKTeX 2.9\tex\latex\pdftex-def\pdftex.def"))
("C:\Program Files (x86)\MiKTeX 2.9\tex\latex\hyperref\hyperref.sty"
("C:\Program Files (x86)\MiKTeX 2.9\tex\generic\oberdiek\ltxcmds.sty")
("C:\Program Files (x86)\MiKTeX 2.9\tex\generic\oberdiek\ifpdf.sty")
("C:\Program Files (x86)\MiKTeX 2.9\tex\generic\oberdiek\pdftexcmds.sty"
("C:\Program Files (x86)\MiKTeX 2.9\tex\generic\oberdiek\infwarerr.sty")
("C:\Program Files (x86)\MiKTeX 2.9\tex\generic\oberdiek\ifluatex.sty"))
("C:\Program Files (x86)\MiKTeX 2.9\tex\latex\graphics\keyval.sty")
("C:\Program Files (x86)\MiKTeX 2.9\tex\generic\oberdiek\kvsetkeys.sty"
("C:\Program Files (x86)\MiKTeX 2.9\tex\generic\oberdiek\etexcmds.sty"))
("C:\Program Files (x86)\MiKTeX 2.9\tex\generic\oberdiek\pdfescape.sty")
("C:\Program Files (x86)\MiKTeX 2.9\tex\generic\oberdiek\ifvtex.sty")
("C:\Program Files (x86)\MiKTeX 2.9\tex\generic\ifxetex\ifxetex.sty")
("C:\Program Files (x86)\MiKTeX 2.9\tex\latex\oberdiek\hycolor.sty"
("C:\Program Files (x86)\MiKTeX 2.9\tex\latex\oberdiek\xcolor-patch.sty"))
("C:\Program Files (x86)\MiKTeX 2.9\tex\latex\oberdiek\letltxmacro.sty")
("C:\Program Files (x86)\MiKTeX 2.9\tex\latex\oberdiek\kvoptions.sty")
("C:\Program Files (x86)\MiKTeX 2.9\tex\latex\hyperref\pd1enc.def")
("C:\Program Files (x86)\MiKTeX 2.9\tex\generic\oberdiek\intcalc.sty")
("C:\Program Files (x86)\MiKTeX 2.9\tex\latex\00miktex\hyperref.cfg")
("C:\Program Files (x86)\MiKTeX 2.9\tex\generic\oberdiek\bitset.sty"
("C:\Program Files (x86)\MiKTeX 2.9\tex\generic\oberdiek\bigintcalc.sty"))
("C:\Program Files (x86)\MiKTeX 2.9\tex\generic\oberdiek\atbegshi.sty"))

Package hyperref Message: Driver (autodetected): hpdftex.

("C:\Program Files (x86)\MiKTeX 2.9\tex\latex\hyperref\hpdftex.def"
("C:\Program Files (x86)\MiKTeX 2.9\tex\latex\oberdiek\atveryend.sty")
("C:\Program Files (x86)\MiKTeX 2.9\tex\latex\oberdiek\rerunfilecheck.sty"
("C:\Program Files (x86)\MiKTeX 2.9\tex\generic\oberdiek\uniquecounter.sty")))

Package hyperref Warning: Option `hyperindex' has already been used,
(hyperref)                setting the option has no effect on input line 327.


Package hyperref Warning: Option `pagebackref' has already been used,
(hyperref)                setting the option has no effect on input line 327.

) ("C:\Program Files (x86)\MiKTeX 2.9\tex\latex\base\makeidx.sty")
("C:\Program Files (x86)\MiKTeX 2.9\tex\latex\base\inputenc.sty"
("C:\Program Files (x86)\MiKTeX 2.9\tex\latex\base\utf8.def"
("C:\Program Files (x86)\MiKTeX 2.9\tex\latex\base\t1enc.dfu")
("C:\Program Files (x86)\MiKTeX 2.9\tex\latex\base\ot1enc.dfu")
("C:\Program Files (x86)\MiKTeX 2.9\tex\latex\base\omsenc.dfu")
("C:\Program Files (x86)\MiKTeX 2.9\tex\latex\base\ts1enc.dfu"))
("C:\Program Files (x86)\MiKTeX 2.9\tex\latex\base\latin1.def"))
Writing index file Rd2.idx
No file Rd2.aux.
("C:\Program Files (x86)\MiKTeX 2.9\tex\latex\base\ts1cmr.fd")
("C:\Program Files (x86)\MiKTeX 2.9\tex\latex\psnfss\t1ptm.fd")
(C:\Users\Lawson\AppData\Roaming\MiKTeX\2.9\tex\context\base\supp-pdf.mkii
[Loading MPS to PDF converter (version 2006.09.02).]
) ("C:\Program Files (x86)\MiKTeX 2.9\tex\latex\hyperref\nameref.sty"
("C:\Program Files (x86)\MiKTeX 2.9\tex\latex\oberdiek\refcount.sty")
("C:\Program Files (x86)\MiKTeX 2.9\tex\generic\oberdiek\gettitlestring.sty"))
("C:\Program Files (x86)\MiKTeX 2.9\tex\latex\psnfss\t1pcr.fd")
("C:\Program Files (x86)\MiKTeX 2.9\tex\latex\psnfss\t1phv.fd")
("C:\Program Files (x86)\MiKTeX 2.9\tex\latex\base\utf8.def")
Overfull \hbox (12.14017pt too wide) in alignment at lines 50--50
 [] [] 
[1{C:/Users/Lawson/AppData/Local/MiKTeX/2.9/pdftex/config/pdftex.map}]
Overfull \hbox (54.78088pt too wide) in paragraph at lines 54--54
 []\T1/pcr/m/n/10 conmx                   example constraint matrix used as inp
ut to function[] 

Overfull \hbox (48.78088pt too wide) in paragraph at lines 56--56
 []\T1/pcr/m/n/10 crvtave                 function for creating extreme vertice
s designs and[] 

Overfull \hbox (42.78088pt too wide) in paragraph at lines 57--57
 []                        \T1/pcr/m/n/10 centroids; this function calls Eflags
, Nrows, and[] 

Overfull \hbox (48.78088pt too wide) in paragraph at lines 59--59
 []\T1/pcr/m/n/10 DesignPoints            function for plotting design points a
nd or mixture[] 
("C:\Program Files (x86)\MiKTeX 2.9\tex\latex\psnfss\ts1pcr.fd")
Overfull \hbox (36.78088pt too wide) in paragraph at lines 61--61
 []\T1/pcr/m/n/10 Eflags                  function for calling Pieple\TS1/pcr/m
/n/10 '\T1/pcr/m/n/10 s fortran code cnvrt[] 

Overfull \hbox (42.78088pt too wide) in paragraph at lines 62--62
 []                        \T1/pcr/m/n/10 to create extreme vertices designs an
d prints any[] 

Overfull \hbox (54.78088pt too wide) in paragraph at lines 65--65
 []\T1/pcr/m/n/10 MixturePlot             function for making contour plots in 
simplex region[] 

Overfull \hbox (54.78088pt too wide) in paragraph at lines 66--66
 []\T1/pcr/m/n/10 Nrows                   function for calling Pieple\TS1/pcr/m
/n/10 '\T1/pcr/m/n/10 s fortran code cnvrt to[] 

Overfull \hbox (30.78088pt too wide) in paragraph at lines 67--67
 []                        \T1/pcr/m/n/10 create extreme vertices designs and r
eturns the[] 

Overfull \hbox (24.78088pt too wide) in paragraph at lines 69--69
 []\T1/pcr/m/n/10 SCD                     function for creating Simplex Centroi
d Designs[] 

Overfull \hbox (18.78088pt too wide) in paragraph at lines 70--70
 []\T1/pcr/m/n/10 SLD                     function for creating Simplex Lattice
 Designs[] 

Overfull \hbox (36.78088pt too wide) in paragraph at lines 71--71
 []\T1/pcr/m/n/10 Vertcen                 function for calling Pieple\TS1/pcr/m
/n/10 '\T1/pcr/m/n/10 s fortran code cnvrt[] 

Overfull \hbox (48.78088pt too wide) in paragraph at lines 72--72
 []                        \T1/pcr/m/n/10 to create extreme vertices designs an
d returns the[] 

Overfull \hbox (18.78088pt too wide) in paragraph at lines 74--74
 []\T1/pcr/m/n/10 Xvert                   function for creating extreme vertice
s design[] 

Overfull \hbox (0.78088pt too wide) in paragraph at lines 75--75
 []                        \T1/pcr/m/n/10 and centroids, this function calls cr
vtave[] 
("C:\Program Files (x86)\MiKTeX 2.9\tex\latex\base\utf8.def") [2]
("C:\Program Files (x86)\MiKTeX 2.9\tex\latex\base\utf8.def") [3]
("C:\Program Files (x86)\MiKTeX 2.9\tex\latex\base\utf8.def")
Overfull \hbox (30.78088pt too wide) in paragraph at lines 178--178
 []\T1/pcr/m/n/10 DesignPoints(des,x,y,z,x1lower,x1upper,x2lower,x2upper,x3lowe
r,x3upper)[] 
[4]
Overfull \hbox (47.58038pt too wide) in paragraph at lines 224--224
 []\T1/pcr/m/n/9 DesignPoints(x1lower=0,x1upper=.8,x2lower=.10,x2upper=.95,x3lo
wer=.05,x3upper=.50)[] 
("C:\Program Files (x86)\MiKTeX 2.9\tex\latex\base\utf8.def") [5]
Overfull \hbox (47.58038pt too wide) in paragraph at lines 289--289
 []\T1/pcr/m/n/9 x1<-c(.1,.1,.1,.15,.1,.1,.1,.4,.35,.30,.1,.45,.45,.45,.45,.45,
.259,.259,.259,.259)[] 

Overfull \hbox (52.98038pt too wide) in paragraph at lines 290--290
 []\T1/pcr/m/n/9 x2<-c(.5,.05,.5,.05,.05,.5,.05,.05,.05,.5,.5,.05,.2,.15,.25,.1
,.222,.222,.222,.222)[] 

Overfull \hbox (25.98041pt too wide) in paragraph at lines 293--293
 []\T1/pcr/m/n/9 x5<-c(.1,.55,.1,.6,.55,.1,.55,.1,.1,.1,.2,.45,.1,.1,.1,.1,.244
,.244,.244,.244)[] 

Overfull \hbox (47.58038pt too wide) in paragraph at lines 294--294
 []\T1/pcr/m/n/9 x6<-c(.2,.2,.2,.05,.2,.05,.05,.2,.2,.05,.05,.05,.05,.2,.05,.2,
.125,.125,.125,.125)[] 

Overfull \hbox (4.38043pt too wide) in paragraph at lines 295--295
 []\T1/pcr/m/n/9 x7<-c(.05,.05,0,.05,0,0,0,.05,.05,0,.05,0,.05,0,.05,0,.025,.02
5,.025,.025)[] 

Overfull \hbox (4.38043pt too wide) in paragraph at lines 296--296
 []\T1/pcr/m/n/9 x8<-c(.05,.05,0,0,0,.05,.05,0,.05,.05,0,0,.05,0,0,.05,.025,.02
5,.025,.025)[] 
[6] ("C:\Program Files (x86)\MiKTeX 2.9\tex\latex\base\utf8.def")
("C:\Program Files (x86)\MiKTeX 2.9\tex\latex\base\utf8.def") [7] [8]
Overfull \hbox (42.18039pt too wide) in paragraph at lines 429--429
 []          \T1/pcr/m/n/9 "y"=c(48.7,49.5,50.2,52.8,49.3,51.1,52.7,50.3,60.7,4
9.9,64.9,53.5,50.6)[] 

Overfull \hbox (4.38043pt too wide) in paragraph at lines 432--432
 []  \T1/pcr/m/n/9 x2lab="Fraction x2", x1lab="Fraction x1", corner.labs=c("x3"
,"x2","x1"),[] 

Overfull \hbox (15.18042pt too wide) in paragraph at lines 442--442
 []   \T1/pcr/m/n/9 x1lab="Fraction A",corner.labs=c("C","B","A"),mod=3,n.break
s=5,cols=TRUE)[] 
("C:\Program Files (x86)\MiKTeX 2.9\tex\latex\base\utf8.def") [9]
("C:\Program Files (x86)\MiKTeX 2.9\tex\latex\base\utf8.def")
("C:\Program Files (x86)\MiKTeX 2.9\tex\latex\base\utf8.def") [10]
("C:\Program Files (x86)\MiKTeX 2.9\tex\latex\base\utf8.def") [11]
("C:\Program Files (x86)\MiKTeX 2.9\tex\latex\base\utf8.def") [12]
Overfull \hbox (42.18039pt too wide) in paragraph at lines 678--678
 []\T1/pcr/m/n/9 Xvert(x1=c(.1,.45),x2=c(.05,.50),x3=c(0,.10),x4=c(0,.4),x5=c(.
1,.6),x6=c(.05,.2),[] 
No file Rd2.ind.
[13] (C:\Users\Lawson\AppData\Local\Temp\Rd2dvi263242495\Rd2.aux)

Package rerunfilecheck Warning: File `Rd2.out' has changed.
(rerunfilecheck)                Rerun to get outlines right
(rerunfilecheck)                or use package `bookmark'.

 )
(see the transcript file for additional information){C:/Program Files (x86)/MiK
TeX 2.9/fonts/enc/dvips/fontname/8r.enc}<C:/Program Files (x86)/MiKTeX 2.9/font
s/type1/urw/courier/ucrr8a.pfb><C:/Program Files (x86)/MiKTeX 2.9/fonts/type1/u
rw/helvetic/uhvr8a.pfb><C:/Program Files (x86)/MiKTeX 2.9/fonts/type1/urw/times
/utmb8a.pfb><C:/Program Files (x86)/MiKTeX 2.9/fonts/type1/urw/times/utmr8a.pfb
><C:/Program Files (x86)/MiKTeX 2.9/fonts/type1/urw/times/utmr8a.pfb><C:/Progra
m Files (x86)/MiKTeX 2.9/fonts/type1/urw/times/utmri8a.pfb>
Output written on Rd2.pdf (13 pages, 118005 bytes).
Transcript written on Rd2.log.
This is C:\Program Files (x86)\MiKTeX 2.9\miktex\bin\makeindex.exe, version 2.15 [MiKTeX 2.9] (kpathsea + Thai support).
Scanning input file Rd2.idx....done (13 entries accepted, 0 rejected).
Sorting entries....done (47 comparisons).
Generating output file Rd2.ind....done (42 lines written, 0 warnings).
Output written in Rd2.ind.
Transcript written in Rd2.ilg.
This is pdfTeX, Version 3.1415926-1.40.11 (MiKTeX 2.9)
entering extended mode
(C:\Users\Lawson\AppData\Local\Temp\Rd2dvi263242495\Rd2.tex
LaTeX2e <2009/09/24>
Babel <v3.8l> and hyphenation patterns for english, afrikaans, ancientgreek, ar
abic, armenian, assamese, basque, bengali, bokmal, bulgarian, catalan, coptic, 
croatian, czech, danish, dutch, esperanto, estonian, farsi, finnish, french, ga
lician, german, german-x-2009-06-19, greek, gujarati, hindi, hungarian, iceland
ic, indonesian, interlingua, irish, italian, kannada, kurmanji, lao, latin, lat
vian, lithuanian, malayalam, marathi, mongolian, mongolianlmc, monogreek, ngerm
an, ngerman-x-2009-06-19, nynorsk, oriya, panjabi, pinyin, polish, portuguese, 
romanian, russian, sanskrit, serbian, slovak, slovenian, spanish, swedish, swis
sgerman, tamil, telugu, turkish, turkmen, ukenglish, ukrainian, uppersorbian, u
senglishmax, welsh, loaded.

("C:\Program Files (x86)\MiKTeX 2.9\tex\latex\base\book.cls"
Document Class: book 2007/10/19 v1.4h Standard LaTeX document class
("C:\Program Files (x86)\MiKTeX 2.9\tex\latex\base\bk10.clo"))
(C:/PROGRA~2\R\R-211~1.1\share\texmf\Rd.sty
("C:\Program Files (x86)\MiKTeX 2.9\tex\latex\base\ifthen.sty")
("C:\Program Files (x86)\MiKTeX 2.9\tex\latex\tools\longtable.sty")
("C:\Program Files (x86)\MiKTeX 2.9\tex\latex\tools\bm.sty")
("C:\Program Files (x86)\MiKTeX 2.9\tex\latex\base\alltt.sty")
("C:\Program Files (x86)\MiKTeX 2.9\tex\latex\tools\verbatim.sty")
("C:\Program Files (x86)\MiKTeX 2.9\tex\latex\ltxmisc\url.sty")
(C:/PROGRA~2\R\R-211~1.1\share\texmf\upquote.sty
("C:\Program Files (x86)\MiKTeX 2.9\tex\latex\base\textcomp.sty"
("C:\Program Files (x86)\MiKTeX 2.9\tex\latex\base\ts1enc.def")))
NOT loading ae ("C:\Program Files (x86)\MiKTeX 2.9\tex\latex\base\fontenc.sty"
("C:\Program Files (x86)\MiKTeX 2.9\tex\latex\base\t1enc.def"))
("C:\Program Files (x86)\MiKTeX 2.9\tex\latex\psnfss\times.sty")
NOT loading lmodern
("C:\Program Files (x86)\MiKTeX 2.9\tex\latex\graphics\color.sty"
("C:\Program Files (x86)\MiKTeX 2.9\tex\latex\00miktex\color.cfg")
("C:\Program Files (x86)\MiKTeX 2.9\tex\latex\pdftex-def\pdftex.def"))
("C:\Program Files (x86)\MiKTeX 2.9\tex\latex\hyperref\hyperref.sty"
("C:\Program Files (x86)\MiKTeX 2.9\tex\generic\oberdiek\ltxcmds.sty")
("C:\Program Files (x86)\MiKTeX 2.9\tex\generic\oberdiek\ifpdf.sty")
("C:\Program Files (x86)\MiKTeX 2.9\tex\generic\oberdiek\pdftexcmds.sty"
("C:\Program Files (x86)\MiKTeX 2.9\tex\generic\oberdiek\infwarerr.sty")
("C:\Program Files (x86)\MiKTeX 2.9\tex\generic\oberdiek\ifluatex.sty"))
("C:\Program Files (x86)\MiKTeX 2.9\tex\latex\graphics\keyval.sty")
("C:\Program Files (x86)\MiKTeX 2.9\tex\generic\oberdiek\kvsetkeys.sty"
("C:\Program Files (x86)\MiKTeX 2.9\tex\generic\oberdiek\etexcmds.sty"))
("C:\Program Files (x86)\MiKTeX 2.9\tex\generic\oberdiek\pdfescape.sty")
("C:\Program Files (x86)\MiKTeX 2.9\tex\generic\oberdiek\ifvtex.sty")
("C:\Program Files (x86)\MiKTeX 2.9\tex\generic\ifxetex\ifxetex.sty")
("C:\Program Files (x86)\MiKTeX 2.9\tex\latex\oberdiek\hycolor.sty"
("C:\Program Files (x86)\MiKTeX 2.9\tex\latex\oberdiek\xcolor-patch.sty"))
("C:\Program Files (x86)\MiKTeX 2.9\tex\latex\oberdiek\letltxmacro.sty")
("C:\Program Files (x86)\MiKTeX 2.9\tex\latex\oberdiek\kvoptions.sty")
("C:\Program Files (x86)\MiKTeX 2.9\tex\latex\hyperref\pd1enc.def")
("C:\Program Files (x86)\MiKTeX 2.9\tex\generic\oberdiek\intcalc.sty")
("C:\Program Files (x86)\MiKTeX 2.9\tex\latex\00miktex\hyperref.cfg")
("C:\Program Files (x86)\MiKTeX 2.9\tex\generic\oberdiek\bitset.sty"
("C:\Program Files (x86)\MiKTeX 2.9\tex\generic\oberdiek\bigintcalc.sty"))
("C:\Program Files (x86)\MiKTeX 2.9\tex\generic\oberdiek\atbegshi.sty"))

Package hyperref Message: Driver (autodetected): hpdftex.

("C:\Program Files (x86)\MiKTeX 2.9\tex\latex\hyperref\hpdftex.def"
("C:\Program Files (x86)\MiKTeX 2.9\tex\latex\oberdiek\atveryend.sty")
("C:\Program Files (x86)\MiKTeX 2.9\tex\latex\oberdiek\rerunfilecheck.sty"
("C:\Program Files (x86)\MiKTeX 2.9\tex\generic\oberdiek\uniquecounter.sty")))

Package hyperref Warning: Option `hyperindex' has already been used,
(hyperref)                setting the option has no effect on input line 327.


Package hyperref Warning: Option `pagebackref' has already been used,
(hyperref)                setting the option has no effect on input line 327.

) ("C:\Program Files (x86)\MiKTeX 2.9\tex\latex\base\makeidx.sty")
("C:\Program Files (x86)\MiKTeX 2.9\tex\latex\base\inputenc.sty"
("C:\Program Files (x86)\MiKTeX 2.9\tex\latex\base\utf8.def"
("C:\Program Files (x86)\MiKTeX 2.9\tex\latex\base\t1enc.dfu")
("C:\Program Files (x86)\MiKTeX 2.9\tex\latex\base\ot1enc.dfu")
("C:\Program Files (x86)\MiKTeX 2.9\tex\latex\base\omsenc.dfu")
("C:\Program Files (x86)\MiKTeX 2.9\tex\latex\base\ts1enc.dfu"))
("C:\Program Files (x86)\MiKTeX 2.9\tex\latex\base\latin1.def"))
Writing index file Rd2.idx
(C:\Users\Lawson\AppData\Local\Temp\Rd2dvi263242495\Rd2.aux)
("C:\Program Files (x86)\MiKTeX 2.9\tex\latex\base\ts1cmr.fd")
("C:\Program Files (x86)\MiKTeX 2.9\tex\latex\psnfss\t1ptm.fd")
(C:\Users\Lawson\AppData\Roaming\MiKTeX\2.9\tex\context\base\supp-pdf.mkii
[Loading MPS to PDF converter (version 2006.09.02).]
) ("C:\Program Files (x86)\MiKTeX 2.9\tex\latex\hyperref\nameref.sty"
("C:\Program Files (x86)\MiKTeX 2.9\tex\latex\oberdiek\refcount.sty")
("C:\Program Files (x86)\MiKTeX 2.9\tex\generic\oberdiek\gettitlestring.sty"))
(C:\Users\Lawson\AppData\Local\Temp\Rd2dvi263242495\Rd2.out)
(C:\Users\Lawson\AppData\Local\Temp\Rd2dvi263242495\Rd2.out)
("C:\Program Files (x86)\MiKTeX 2.9\tex\latex\psnfss\t1pcr.fd")
("C:\Program Files (x86)\MiKTeX 2.9\tex\latex\psnfss\t1phv.fd")
(C:\Users\Lawson\AppData\Local\Temp\Rd2dvi263242495\Rd2.toc)
("C:\Program Files (x86)\MiKTeX 2.9\tex\latex\base\utf8.def") [1{C:/Users/Lawso
n/AppData/Local/MiKTeX/2.9/pdftex/config/pdftex.map}]
Overfull \hbox (12.14017pt too wide) in alignment at lines 50--50
 [] [] 

Overfull \hbox (54.78088pt too wide) in paragraph at lines 54--54
 []\T1/pcr/m/n/10 conmx                   example constraint matrix used as inp
ut to function[] 

Overfull \hbox (48.78088pt too wide) in paragraph at lines 56--56
 []\T1/pcr/m/n/10 crvtave                 function for creating extreme vertice
s designs and[] 

Overfull \hbox (42.78088pt too wide) in paragraph at lines 57--57
 []                        \T1/pcr/m/n/10 centroids; this function calls Eflags
, Nrows, and[] 

Overfull \hbox (48.78088pt too wide) in paragraph at lines 59--59
 []\T1/pcr/m/n/10 DesignPoints            function for plotting design points a
nd or mixture[] 
("C:\Program Files (x86)\MiKTeX 2.9\tex\latex\psnfss\ts1pcr.fd")
Overfull \hbox (36.78088pt too wide) in paragraph at lines 61--61
 []\T1/pcr/m/n/10 Eflags                  function for calling Pieple\TS1/pcr/m
/n/10 '\T1/pcr/m/n/10 s fortran code cnvrt[] 

Overfull \hbox (42.78088pt too wide) in paragraph at lines 62--62
 []                        \T1/pcr/m/n/10 to create extreme vertices designs an
d prints any[] 

Overfull \hbox (54.78088pt too wide) in paragraph at lines 65--65
 []\T1/pcr/m/n/10 MixturePlot             function for making contour plots in 
simplex region[] 

Overfull \hbox (54.78088pt too wide) in paragraph at lines 66--66
 []\T1/pcr/m/n/10 Nrows                   function for calling Pieple\TS1/pcr/m
/n/10 '\T1/pcr/m/n/10 s fortran code cnvrt to[] 

Overfull \hbox (30.78088pt too wide) in paragraph at lines 67--67
 []                        \T1/pcr/m/n/10 create extreme vertices designs and r
eturns the[] 

Overfull \hbox (24.78088pt too wide) in paragraph at lines 69--69
 []\T1/pcr/m/n/10 SCD                     function for creating Simplex Centroi
d Designs[] 

Overfull \hbox (18.78088pt too wide) in paragraph at lines 70--70
 []\T1/pcr/m/n/10 SLD                     function for creating Simplex Lattice
 Designs[] 

Overfull \hbox (36.78088pt too wide) in paragraph at lines 71--71
 []\T1/pcr/m/n/10 Vertcen                 function for calling Pieple\TS1/pcr/m
/n/10 '\T1/pcr/m/n/10 s fortran code cnvrt[] 

Overfull \hbox (48.78088pt too wide) in paragraph at lines 72--72
 []                        \T1/pcr/m/n/10 to create extreme vertices designs an
d returns the[] 

Overfull \hbox (18.78088pt too wide) in paragraph at lines 74--74
 []\T1/pcr/m/n/10 Xvert                   function for creating extreme vertice
s design[] 

Overfull \hbox (0.78088pt too wide) in paragraph at lines 75--75
 []                        \T1/pcr/m/n/10 and centroids, this function calls cr
vtave[] 

Underfull \vbox (badness 1331) has occurred while \output is active [2]
("C:\Program Files (x86)\MiKTeX 2.9\tex\latex\base\utf8.def")
("C:\Program Files (x86)\MiKTeX 2.9\tex\latex\base\utf8.def") [3]
("C:\Program Files (x86)\MiKTeX 2.9\tex\latex\base\utf8.def")
Overfull \hbox (30.78088pt too wide) in paragraph at lines 178--178
 []\T1/pcr/m/n/10 DesignPoints(des,x,y,z,x1lower,x1upper,x2lower,x2upper,x3lowe
r,x3upper)[] 
[4]
Overfull \hbox (47.58038pt too wide) in paragraph at lines 224--224
 []\T1/pcr/m/n/9 DesignPoints(x1lower=0,x1upper=.8,x2lower=.10,x2upper=.95,x3lo
wer=.05,x3upper=.50)[] 
("C:\Program Files (x86)\MiKTeX 2.9\tex\latex\base\utf8.def") [5]
Overfull \hbox (47.58038pt too wide) in paragraph at lines 289--289
 []\T1/pcr/m/n/9 x1<-c(.1,.1,.1,.15,.1,.1,.1,.4,.35,.30,.1,.45,.45,.45,.45,.45,
.259,.259,.259,.259)[] 

Overfull \hbox (52.98038pt too wide) in paragraph at lines 290--290
 []\T1/pcr/m/n/9 x2<-c(.5,.05,.5,.05,.05,.5,.05,.05,.05,.5,.5,.05,.2,.15,.25,.1
,.222,.222,.222,.222)[] 

Overfull \hbox (25.98041pt too wide) in paragraph at lines 293--293
 []\T1/pcr/m/n/9 x5<-c(.1,.55,.1,.6,.55,.1,.55,.1,.1,.1,.2,.45,.1,.1,.1,.1,.244
,.244,.244,.244)[] 

Overfull \hbox (47.58038pt too wide) in paragraph at lines 294--294
 []\T1/pcr/m/n/9 x6<-c(.2,.2,.2,.05,.2,.05,.05,.2,.2,.05,.05,.05,.05,.2,.05,.2,
.125,.125,.125,.125)[] 

Overfull \hbox (4.38043pt too wide) in paragraph at lines 295--295
 []\T1/pcr/m/n/9 x7<-c(.05,.05,0,.05,0,0,0,.05,.05,0,.05,0,.05,0,.05,0,.025,.02
5,.025,.025)[] 

Overfull \hbox (4.38043pt too wide) in paragraph at lines 296--296
 []\T1/pcr/m/n/9 x8<-c(.05,.05,0,0,0,.05,.05,0,.05,.05,0,0,.05,0,0,.05,.025,.02
5,.025,.025)[] 
[6] ("C:\Program Files (x86)\MiKTeX 2.9\tex\latex\base\utf8.def") [7]
("C:\Program Files (x86)\MiKTeX 2.9\tex\latex\base\utf8.def") [8]
Overfull \hbox (42.18039pt too wide) in paragraph at lines 429--429
 []          \T1/pcr/m/n/9 "y"=c(48.7,49.5,50.2,52.8,49.3,51.1,52.7,50.3,60.7,4
9.9,64.9,53.5,50.6)[] 

Overfull \hbox (4.38043pt too wide) in paragraph at lines 432--432
 []  \T1/pcr/m/n/9 x2lab="Fraction x2", x1lab="Fraction x1", corner.labs=c("x3"
,"x2","x1"),[] 

Overfull \hbox (15.18042pt too wide) in paragraph at lines 442--442
 []   \T1/pcr/m/n/9 x1lab="Fraction A",corner.labs=c("C","B","A"),mod=3,n.break
s=5,cols=TRUE)[] 
("C:\Program Files (x86)\MiKTeX 2.9\tex\latex\base\utf8.def") [9]
("C:\Program Files (x86)\MiKTeX 2.9\tex\latex\base\utf8.def") [10]
("C:\Program Files (x86)\MiKTeX 2.9\tex\latex\base\utf8.def")
("C:\Program Files (x86)\MiKTeX 2.9\tex\latex\base\utf8.def") [11]
("C:\Program Files (x86)\MiKTeX 2.9\tex\latex\base\utf8.def") [12]
Overfull \hbox (42.18039pt too wide) in paragraph at lines 678--678
 []\T1/pcr/m/n/9 Xvert(x1=c(.1,.45),x2=c(.05,.50),x3=c(0,.10),x4=c(0,.4),x5=c(.
1,.6),x6=c(.05,.2),[] 
(C:\Users\Lawson\AppData\Local\Temp\Rd2dvi263242495\Rd2.ind [13] [14])
(C:\Users\Lawson\AppData\Local\Temp\Rd2dvi263242495\Rd2.aux)

Package rerunfilecheck Warning: File `Rd2.out' has changed.
(rerunfilecheck)                Rerun to get outlines right
(rerunfilecheck)                or use package `bookmark'.

 )
(see the transcript file for additional information){C:/Program Files (x86)/MiK
TeX 2.9/fonts/enc/dvips/fontname/8r.enc}<C:/Program Files (x86)/MiKTeX 2.9/font
s/type1/public/amsfonts/cm/cmsy10.pfb><C:/Program Files (x86)/MiKTeX 2.9/fonts/
type1/urw/courier/ucrr8a.pfb><C:/Program Files (x86)/MiKTeX 2.9/fonts/type1/urw
/helvetic/uhvr8a.pfb><C:/Program Files (x86)/MiKTeX 2.9/fonts/type1/urw/times/u
tmb8a.pfb><C:/Program Files (x86)/MiKTeX 2.9/fonts/type1/urw/times/utmr8a.pfb><
C:/Program Files (x86)/MiKTeX 2.9/fonts/type1/urw/times/utmr8a.pfb><C:/Program 
Files (x86)/MiKTeX 2.9/fonts/type1/urw/times/utmri8a.pfb>
Output written on Rd2.pdf (14 pages, 134878 bytes).
Transcript written on Rd2.log.
This is pdfTeX, Version 3.1415926-1.40.11 (MiKTeX 2.9)
entering extended mode
(C:\Users\Lawson\AppData\Local\Temp\Rd2dvi263242495\Rd2.tex
LaTeX2e <2009/09/24>
Babel <v3.8l> and hyphenation patterns for english, afrikaans, ancientgreek, ar
abic, armenian, assamese, basque, bengali, bokmal, bulgarian, catalan, coptic, 
croatian, czech, danish, dutch, esperanto, estonian, farsi, finnish, french, ga
lician, german, german-x-2009-06-19, greek, gujarati, hindi, hungarian, iceland
ic, indonesian, interlingua, irish, italian, kannada, kurmanji, lao, latin, lat
vian, lithuanian, malayalam, marathi, mongolian, mongolianlmc, monogreek, ngerm
an, ngerman-x-2009-06-19, nynorsk, oriya, panjabi, pinyin, polish, portuguese, 
romanian, russian, sanskrit, serbian, slovak, slovenian, spanish, swedish, swis
sgerman, tamil, telugu, turkish, turkmen, ukenglish, ukrainian, uppersorbian, u
senglishmax, welsh, loaded.

("C:\Program Files (x86)\MiKTeX 2.9\tex\latex\base\book.cls"
Document Class: book 2007/10/19 v1.4h Standard LaTeX document class
("C:\Program Files (x86)\MiKTeX 2.9\tex\latex\base\bk10.clo"))
(C:/PROGRA~2\R\R-211~1.1\share\texmf\Rd.sty
("C:\Program Files (x86)\MiKTeX 2.9\tex\latex\base\ifthen.sty")
("C:\Program Files (x86)\MiKTeX 2.9\tex\latex\tools\longtable.sty")
("C:\Program Files (x86)\MiKTeX 2.9\tex\latex\tools\bm.sty")
("C:\Program Files (x86)\MiKTeX 2.9\tex\latex\base\alltt.sty")
("C:\Program Files (x86)\MiKTeX 2.9\tex\latex\tools\verbatim.sty")
("C:\Program Files (x86)\MiKTeX 2.9\tex\latex\ltxmisc\url.sty")
(C:/PROGRA~2\R\R-211~1.1\share\texmf\upquote.sty
("C:\Program Files (x86)\MiKTeX 2.9\tex\latex\base\textcomp.sty"
("C:\Program Files (x86)\MiKTeX 2.9\tex\latex\base\ts1enc.def")))
NOT loading ae ("C:\Program Files (x86)\MiKTeX 2.9\tex\latex\base\fontenc.sty"
("C:\Program Files (x86)\MiKTeX 2.9\tex\latex\base\t1enc.def"))
("C:\Program Files (x86)\MiKTeX 2.9\tex\latex\psnfss\times.sty")
NOT loading lmodern
("C:\Program Files (x86)\MiKTeX 2.9\tex\latex\graphics\color.sty"
("C:\Program Files (x86)\MiKTeX 2.9\tex\latex\00miktex\color.cfg")
("C:\Program Files (x86)\MiKTeX 2.9\tex\latex\pdftex-def\pdftex.def"))
("C:\Program Files (x86)\MiKTeX 2.9\tex\latex\hyperref\hyperref.sty"
("C:\Program Files (x86)\MiKTeX 2.9\tex\generic\oberdiek\ltxcmds.sty")
("C:\Program Files (x86)\MiKTeX 2.9\tex\generic\oberdiek\ifpdf.sty")
("C:\Program Files (x86)\MiKTeX 2.9\tex\generic\oberdiek\pdftexcmds.sty"
("C:\Program Files (x86)\MiKTeX 2.9\tex\generic\oberdiek\infwarerr.sty")
("C:\Program Files (x86)\MiKTeX 2.9\tex\generic\oberdiek\ifluatex.sty"))
("C:\Program Files (x86)\MiKTeX 2.9\tex\latex\graphics\keyval.sty")
("C:\Program Files (x86)\MiKTeX 2.9\tex\generic\oberdiek\kvsetkeys.sty"
("C:\Program Files (x86)\MiKTeX 2.9\tex\generic\oberdiek\etexcmds.sty"))
("C:\Program Files (x86)\MiKTeX 2.9\tex\generic\oberdiek\pdfescape.sty")
("C:\Program Files (x86)\MiKTeX 2.9\tex\generic\oberdiek\ifvtex.sty")
("C:\Program Files (x86)\MiKTeX 2.9\tex\generic\ifxetex\ifxetex.sty")
("C:\Program Files (x86)\MiKTeX 2.9\tex\latex\oberdiek\hycolor.sty"
("C:\Program Files (x86)\MiKTeX 2.9\tex\latex\oberdiek\xcolor-patch.sty"))
("C:\Program Files (x86)\MiKTeX 2.9\tex\latex\oberdiek\letltxmacro.sty")
("C:\Program Files (x86)\MiKTeX 2.9\tex\latex\oberdiek\kvoptions.sty")
("C:\Program Files (x86)\MiKTeX 2.9\tex\latex\hyperref\pd1enc.def")
("C:\Program Files (x86)\MiKTeX 2.9\tex\generic\oberdiek\intcalc.sty")
("C:\Program Files (x86)\MiKTeX 2.9\tex\latex\00miktex\hyperref.cfg")
("C:\Program Files (x86)\MiKTeX 2.9\tex\generic\oberdiek\bitset.sty"
("C:\Program Files (x86)\MiKTeX 2.9\tex\generic\oberdiek\bigintcalc.sty"))
("C:\Program Files (x86)\MiKTeX 2.9\tex\generic\oberdiek\atbegshi.sty"))

Package hyperref Message: Driver (autodetected): hpdftex.

("C:\Program Files (x86)\MiKTeX 2.9\tex\latex\hyperref\hpdftex.def"
("C:\Program Files (x86)\MiKTeX 2.9\tex\latex\oberdiek\atveryend.sty")
("C:\Program Files (x86)\MiKTeX 2.9\tex\latex\oberdiek\rerunfilecheck.sty"
("C:\Program Files (x86)\MiKTeX 2.9\tex\generic\oberdiek\uniquecounter.sty")))

Package hyperref Warning: Option `hyperindex' has already been used,
(hyperref)                setting the option has no effect on input line 327.


Package hyperref Warning: Option `pagebackref' has already been used,
(hyperref)                setting the option has no effect on input line 327.

) ("C:\Program Files (x86)\MiKTeX 2.9\tex\latex\base\makeidx.sty")
("C:\Program Files (x86)\MiKTeX 2.9\tex\latex\base\inputenc.sty"
("C:\Program Files (x86)\MiKTeX 2.9\tex\latex\base\utf8.def"
("C:\Program Files (x86)\MiKTeX 2.9\tex\latex\base\t1enc.dfu")
("C:\Program Files (x86)\MiKTeX 2.9\tex\latex\base\ot1enc.dfu")
("C:\Program Files (x86)\MiKTeX 2.9\tex\latex\base\omsenc.dfu")
("C:\Program Files (x86)\MiKTeX 2.9\tex\latex\base\ts1enc.dfu"))
("C:\Program Files (x86)\MiKTeX 2.9\tex\latex\base\latin1.def"))
Writing index file Rd2.idx
(C:\Users\Lawson\AppData\Local\Temp\Rd2dvi263242495\Rd2.aux)
("C:\Program Files (x86)\MiKTeX 2.9\tex\latex\base\ts1cmr.fd")
("C:\Program Files (x86)\MiKTeX 2.9\tex\latex\psnfss\t1ptm.fd")
(C:\Users\Lawson\AppData\Roaming\MiKTeX\2.9\tex\context\base\supp-pdf.mkii
[Loading MPS to PDF converter (version 2006.09.02).]
) ("C:\Program Files (x86)\MiKTeX 2.9\tex\latex\hyperref\nameref.sty"
("C:\Program Files (x86)\MiKTeX 2.9\tex\latex\oberdiek\refcount.sty")
("C:\Program Files (x86)\MiKTeX 2.9\tex\generic\oberdiek\gettitlestring.sty"))
(C:\Users\Lawson\AppData\Local\Temp\Rd2dvi263242495\Rd2.out)
(C:\Users\Lawson\AppData\Local\Temp\Rd2dvi263242495\Rd2.out)
("C:\Program Files (x86)\MiKTeX 2.9\tex\latex\psnfss\t1pcr.fd")
("C:\Program Files (x86)\MiKTeX 2.9\tex\latex\psnfss\t1phv.fd")
(C:\Users\Lawson\AppData\Local\Temp\Rd2dvi263242495\Rd2.toc)
("C:\Program Files (x86)\MiKTeX 2.9\tex\latex\base\utf8.def") [1{C:/Users/Lawso
n/AppData/Local/MiKTeX/2.9/pdftex/config/pdftex.map}]
Overfull \hbox (12.14017pt too wide) in alignment at lines 50--50
 [] [] 

Overfull \hbox (54.78088pt too wide) in paragraph at lines 54--54
 []\T1/pcr/m/n/10 conmx                   example constraint matrix used as inp
ut to function[] 

Overfull \hbox (48.78088pt too wide) in paragraph at lines 56--56
 []\T1/pcr/m/n/10 crvtave                 function for creating extreme vertice
s designs and[] 

Overfull \hbox (42.78088pt too wide) in paragraph at lines 57--57
 []                        \T1/pcr/m/n/10 centroids; this function calls Eflags
, Nrows, and[] 

Overfull \hbox (48.78088pt too wide) in paragraph at lines 59--59
 []\T1/pcr/m/n/10 DesignPoints            function for plotting design points a
nd or mixture[] 
("C:\Program Files (x86)\MiKTeX 2.9\tex\latex\psnfss\ts1pcr.fd")
Overfull \hbox (36.78088pt too wide) in paragraph at lines 61--61
 []\T1/pcr/m/n/10 Eflags                  function for calling Pieple\TS1/pcr/m
/n/10 '\T1/pcr/m/n/10 s fortran code cnvrt[] 

Overfull \hbox (42.78088pt too wide) in paragraph at lines 62--62
 []                        \T1/pcr/m/n/10 to create extreme vertices designs an
d prints any[] 

Overfull \hbox (54.78088pt too wide) in paragraph at lines 65--65
 []\T1/pcr/m/n/10 MixturePlot             function for making contour plots in 
simplex region[] 

Overfull \hbox (54.78088pt too wide) in paragraph at lines 66--66
 []\T1/pcr/m/n/10 Nrows                   function for calling Pieple\TS1/pcr/m
/n/10 '\T1/pcr/m/n/10 s fortran code cnvrt to[] 

Overfull \hbox (30.78088pt too wide) in paragraph at lines 67--67
 []                        \T1/pcr/m/n/10 create extreme vertices designs and r
eturns the[] 

Overfull \hbox (24.78088pt too wide) in paragraph at lines 69--69
 []\T1/pcr/m/n/10 SCD                     function for creating Simplex Centroi
d Designs[] 

Overfull \hbox (18.78088pt too wide) in paragraph at lines 70--70
 []\T1/pcr/m/n/10 SLD                     function for creating Simplex Lattice
 Designs[] 

Overfull \hbox (36.78088pt too wide) in paragraph at lines 71--71
 []\T1/pcr/m/n/10 Vertcen                 function for calling Pieple\TS1/pcr/m
/n/10 '\T1/pcr/m/n/10 s fortran code cnvrt[] 

Overfull \hbox (48.78088pt too wide) in paragraph at lines 72--72
 []                        \T1/pcr/m/n/10 to create extreme vertices designs an
d returns the[] 

Overfull \hbox (18.78088pt too wide) in paragraph at lines 74--74
 []\T1/pcr/m/n/10 Xvert                   function for creating extreme vertice
s design[] 

Overfull \hbox (0.78088pt too wide) in paragraph at lines 75--75
 []                        \T1/pcr/m/n/10 and centroids, this function calls cr
vtave[] 

Underfull \vbox (badness 1331) has occurred while \output is active [2]
("C:\Program Files (x86)\MiKTeX 2.9\tex\latex\base\utf8.def")
("C:\Program Files (x86)\MiKTeX 2.9\tex\latex\base\utf8.def") [3]
("C:\Program Files (x86)\MiKTeX 2.9\tex\latex\base\utf8.def")
Overfull \hbox (30.78088pt too wide) in paragraph at lines 178--178
 []\T1/pcr/m/n/10 DesignPoints(des,x,y,z,x1lower,x1upper,x2lower,x2upper,x3lowe
r,x3upper)[] 
[4]
Overfull \hbox (47.58038pt too wide) in paragraph at lines 224--224
 []\T1/pcr/m/n/9 DesignPoints(x1lower=0,x1upper=.8,x2lower=.10,x2upper=.95,x3lo
wer=.05,x3upper=.50)[] 
("C:\Program Files (x86)\MiKTeX 2.9\tex\latex\base\utf8.def") [5]
Overfull \hbox (47.58038pt too wide) in paragraph at lines 289--289
 []\T1/pcr/m/n/9 x1<-c(.1,.1,.1,.15,.1,.1,.1,.4,.35,.30,.1,.45,.45,.45,.45,.45,
.259,.259,.259,.259)[] 

Overfull \hbox (52.98038pt too wide) in paragraph at lines 290--290
 []\T1/pcr/m/n/9 x2<-c(.5,.05,.5,.05,.05,.5,.05,.05,.05,.5,.5,.05,.2,.15,.25,.1
,.222,.222,.222,.222)[] 

Overfull \hbox (25.98041pt too wide) in paragraph at lines 293--293
 []\T1/pcr/m/n/9 x5<-c(.1,.55,.1,.6,.55,.1,.55,.1,.1,.1,.2,.45,.1,.1,.1,.1,.244
,.244,.244,.244)[] 

Overfull \hbox (47.58038pt too wide) in paragraph at lines 294--294
 []\T1/pcr/m/n/9 x6<-c(.2,.2,.2,.05,.2,.05,.05,.2,.2,.05,.05,.05,.05,.2,.05,.2,
.125,.125,.125,.125)[] 

Overfull \hbox (4.38043pt too wide) in paragraph at lines 295--295
 []\T1/pcr/m/n/9 x7<-c(.05,.05,0,.05,0,0,0,.05,.05,0,.05,0,.05,0,.05,0,.025,.02
5,.025,.025)[] 

Overfull \hbox (4.38043pt too wide) in paragraph at lines 296--296
 []\T1/pcr/m/n/9 x8<-c(.05,.05,0,0,0,.05,.05,0,.05,.05,0,0,.05,0,0,.05,.025,.02
5,.025,.025)[] 
[6] ("C:\Program Files (x86)\MiKTeX 2.9\tex\latex\base\utf8.def") [7]
("C:\Program Files (x86)\MiKTeX 2.9\tex\latex\base\utf8.def") [8]
Overfull \hbox (42.18039pt too wide) in paragraph at lines 429--429
 []          \T1/pcr/m/n/9 "y"=c(48.7,49.5,50.2,52.8,49.3,51.1,52.7,50.3,60.7,4
9.9,64.9,53.5,50.6)[] 

Overfull \hbox (4.38043pt too wide) in paragraph at lines 432--432
 []  \T1/pcr/m/n/9 x2lab="Fraction x2", x1lab="Fraction x1", corner.labs=c("x3"
,"x2","x1"),[] 

Overfull \hbox (15.18042pt too wide) in paragraph at lines 442--442
 []   \T1/pcr/m/n/9 x1lab="Fraction A",corner.labs=c("C","B","A"),mod=3,n.break
s=5,cols=TRUE)[] 
("C:\Program Files (x86)\MiKTeX 2.9\tex\latex\base\utf8.def") [9]
("C:\Program Files (x86)\MiKTeX 2.9\tex\latex\base\utf8.def") [10]
("C:\Program Files (x86)\MiKTeX 2.9\tex\latex\base\utf8.def")
("C:\Program Files (x86)\MiKTeX 2.9\tex\latex\base\utf8.def") [11]
("C:\Program Files (x86)\MiKTeX 2.9\tex\latex\base\utf8.def") [12]
Overfull \hbox (42.18039pt too wide) in paragraph at lines 678--678
 []\T1/pcr/m/n/9 Xvert(x1=c(.1,.45),x2=c(.05,.50),x3=c(0,.10),x4=c(0,.4),x5=c(.
1,.6),x6=c(.05,.2),[] 
(C:\Users\Lawson\AppData\Local\Temp\Rd2dvi263242495\Rd2.ind [13] [14])
(C:\Users\Lawson\AppData\Local\Temp\Rd2dvi263242495\Rd2.aux) )
(see the transcript file for additional information){C:/Program Files (x86)/MiK
TeX 2.9/fonts/enc/dvips/fontname/8r.enc}<C:/Program Files (x86)/MiKTeX 2.9/font
s/type1/public/amsfonts/cm/cmsy10.pfb><C:/Program Files (x86)/MiKTeX 2.9/fonts/
type1/urw/courier/ucrr8a.pfb><C:/Program Files (x86)/MiKTeX 2.9/fonts/type1/urw
/helvetic/uhvr8a.pfb><C:/Program Files (x86)/MiKTeX 2.9/fonts/type1/urw/times/u
tmb8a.pfb><C:/Program Files (x86)/MiKTeX 2.9/fonts/type1/urw/times/utmr8a.pfb><
C:/Program Files (x86)/MiKTeX 2.9/fonts/type1/urw/times/utmr8a.pfb><C:/Program 
Files (x86)/MiKTeX 2.9/fonts/type1/urw/times/utmri8a.pfb>
Output written on Rd2.pdf (14 pages, 135974 bytes).
Transcript written on Rd2.log.
This is pdfTeX, Version 3.1415926-1.40.11 (MiKTeX 2.9)
entering extended mode
(C:\Users\Lawson\AppData\Local\Temp\Rd2dvi263242495\Rd2.tex
LaTeX2e <2009/09/24>
Babel <v3.8l> and hyphenation patterns for english, afrikaans, ancientgreek, ar
abic, armenian, assamese, basque, bengali, bokmal, bulgarian, catalan, coptic, 
croatian, czech, danish, dutch, esperanto, estonian, farsi, finnish, french, ga
lician, german, german-x-2009-06-19, greek, gujarati, hindi, hungarian, iceland
ic, indonesian, interlingua, irish, italian, kannada, kurmanji, lao, latin, lat
vian, lithuanian, malayalam, marathi, mongolian, mongolianlmc, monogreek, ngerm
an, ngerman-x-2009-06-19, nynorsk, oriya, panjabi, pinyin, polish, portuguese, 
romanian, russian, sanskrit, serbian, slovak, slovenian, spanish, swedish, swis
sgerman, tamil, telugu, turkish, turkmen, ukenglish, ukrainian, uppersorbian, u
senglishmax, welsh, loaded.

("C:\Program Files (x86)\MiKTeX 2.9\tex\latex\base\book.cls"
Document Class: book 2007/10/19 v1.4h Standard LaTeX document class
("C:\Program Files (x86)\MiKTeX 2.9\tex\latex\base\bk10.clo"))
(C:/PROGRA~2\R\R-211~1.1\share\texmf\Rd.sty
("C:\Program Files (x86)\MiKTeX 2.9\tex\latex\base\ifthen.sty")
("C:\Program Files (x86)\MiKTeX 2.9\tex\latex\tools\longtable.sty")
("C:\Program Files (x86)\MiKTeX 2.9\tex\latex\tools\bm.sty")
("C:\Program Files (x86)\MiKTeX 2.9\tex\latex\base\alltt.sty")
("C:\Program Files (x86)\MiKTeX 2.9\tex\latex\tools\verbatim.sty")
("C:\Program Files (x86)\MiKTeX 2.9\tex\latex\ltxmisc\url.sty")
(C:/PROGRA~2\R\R-211~1.1\share\texmf\upquote.sty
("C:\Program Files (x86)\MiKTeX 2.9\tex\latex\base\textcomp.sty"
("C:\Program Files (x86)\MiKTeX 2.9\tex\latex\base\ts1enc.def")))
NOT loading ae ("C:\Program Files (x86)\MiKTeX 2.9\tex\latex\base\fontenc.sty"
("C:\Program Files (x86)\MiKTeX 2.9\tex\latex\base\t1enc.def"))
("C:\Program Files (x86)\MiKTeX 2.9\tex\latex\psnfss\times.sty")
NOT loading lmodern
("C:\Program Files (x86)\MiKTeX 2.9\tex\latex\graphics\color.sty"
("C:\Program Files (x86)\MiKTeX 2.9\tex\latex\00miktex\color.cfg")
("C:\Program Files (x86)\MiKTeX 2.9\tex\latex\pdftex-def\pdftex.def"))
("C:\Program Files (x86)\MiKTeX 2.9\tex\latex\hyperref\hyperref.sty"
("C:\Program Files (x86)\MiKTeX 2.9\tex\generic\oberdiek\ltxcmds.sty")
("C:\Program Files (x86)\MiKTeX 2.9\tex\generic\oberdiek\ifpdf.sty")
("C:\Program Files (x86)\MiKTeX 2.9\tex\generic\oberdiek\pdftexcmds.sty"
("C:\Program Files (x86)\MiKTeX 2.9\tex\generic\oberdiek\infwarerr.sty")
("C:\Program Files (x86)\MiKTeX 2.9\tex\generic\oberdiek\ifluatex.sty"))
("C:\Program Files (x86)\MiKTeX 2.9\tex\latex\graphics\keyval.sty")
("C:\Program Files (x86)\MiKTeX 2.9\tex\generic\oberdiek\kvsetkeys.sty"
("C:\Program Files (x86)\MiKTeX 2.9\tex\generic\oberdiek\etexcmds.sty"))
("C:\Program Files (x86)\MiKTeX 2.9\tex\generic\oberdiek\pdfescape.sty")
("C:\Program Files (x86)\MiKTeX 2.9\tex\generic\oberdiek\ifvtex.sty")
("C:\Program Files (x86)\MiKTeX 2.9\tex\generic\ifxetex\ifxetex.sty")
("C:\Program Files (x86)\MiKTeX 2.9\tex\latex\oberdiek\hycolor.sty"
("C:\Program Files (x86)\MiKTeX 2.9\tex\latex\oberdiek\xcolor-patch.sty"))
("C:\Program Files (x86)\MiKTeX 2.9\tex\latex\oberdiek\letltxmacro.sty")
("C:\Program Files (x86)\MiKTeX 2.9\tex\latex\oberdiek\kvoptions.sty")
("C:\Program Files (x86)\MiKTeX 2.9\tex\latex\hyperref\pd1enc.def")
("C:\Program Files (x86)\MiKTeX 2.9\tex\generic\oberdiek\intcalc.sty")
("C:\Program Files (x86)\MiKTeX 2.9\tex\latex\00miktex\hyperref.cfg")
("C:\Program Files (x86)\MiKTeX 2.9\tex\generic\oberdiek\bitset.sty"
("C:\Program Files (x86)\MiKTeX 2.9\tex\generic\oberdiek\bigintcalc.sty"))
("C:\Program Files (x86)\MiKTeX 2.9\tex\generic\oberdiek\atbegshi.sty"))

Package hyperref Message: Driver (autodetected): hpdftex.

("C:\Program Files (x86)\MiKTeX 2.9\tex\latex\hyperref\hpdftex.def"
("C:\Program Files (x86)\MiKTeX 2.9\tex\latex\oberdiek\atveryend.sty")
("C:\Program Files (x86)\MiKTeX 2.9\tex\latex\oberdiek\rerunfilecheck.sty"
("C:\Program Files (x86)\MiKTeX 2.9\tex\generic\oberdiek\uniquecounter.sty")))

Package hyperref Warning: Option `hyperindex' has already been used,
(hyperref)                setting the option has no effect on input line 327.


Package hyperref Warning: Option `pagebackref' has already been used,
(hyperref)                setting the option has no effect on input line 327.

) ("C:\Program Files (x86)\MiKTeX 2.9\tex\latex\base\makeidx.sty")
("C:\Program Files (x86)\MiKTeX 2.9\tex\latex\base\inputenc.sty"
("C:\Program Files (x86)\MiKTeX 2.9\tex\latex\base\utf8.def"
("C:\Program Files (x86)\MiKTeX 2.9\tex\latex\base\t1enc.dfu")
("C:\Program Files (x86)\MiKTeX 2.9\tex\latex\base\ot1enc.dfu")
("C:\Program Files (x86)\MiKTeX 2.9\tex\latex\base\omsenc.dfu")
("C:\Program Files (x86)\MiKTeX 2.9\tex\latex\base\ts1enc.dfu"))
("C:\Program Files (x86)\MiKTeX 2.9\tex\latex\base\latin1.def"))
Writing index file Rd2.idx
(C:\Users\Lawson\AppData\Local\Temp\Rd2dvi263242495\Rd2.aux)
("C:\Program Files (x86)\MiKTeX 2.9\tex\latex\base\ts1cmr.fd")
("C:\Program Files (x86)\MiKTeX 2.9\tex\latex\psnfss\t1ptm.fd")
(C:\Users\Lawson\AppData\Roaming\MiKTeX\2.9\tex\context\base\supp-pdf.mkii
[Loading MPS to PDF converter (version 2006.09.02).]
) ("C:\Program Files (x86)\MiKTeX 2.9\tex\latex\hyperref\nameref.sty"
("C:\Program Files (x86)\MiKTeX 2.9\tex\latex\oberdiek\refcount.sty")
("C:\Program Files (x86)\MiKTeX 2.9\tex\generic\oberdiek\gettitlestring.sty"))
(C:\Users\Lawson\AppData\Local\Temp\Rd2dvi263242495\Rd2.out)
(C:\Users\Lawson\AppData\Local\Temp\Rd2dvi263242495\Rd2.out)
("C:\Program Files (x86)\MiKTeX 2.9\tex\latex\psnfss\t1pcr.fd")
("C:\Program Files (x86)\MiKTeX 2.9\tex\latex\psnfss\t1phv.fd")
(C:\Users\Lawson\AppData\Local\Temp\Rd2dvi263242495\Rd2.toc)
("C:\Program Files (x86)\MiKTeX 2.9\tex\latex\base\utf8.def") [1{C:/Users/Lawso
n/AppData/Local/MiKTeX/2.9/pdftex/config/pdftex.map}]
Overfull \hbox (12.14017pt too wide) in alignment at lines 50--50
 [] [] 

Overfull \hbox (54.78088pt too wide) in paragraph at lines 54--54
 []\T1/pcr/m/n/10 conmx                   example constraint matrix used as inp
ut to function[] 

Overfull \hbox (48.78088pt too wide) in paragraph at lines 56--56
 []\T1/pcr/m/n/10 crvtave                 function for creating extreme vertice
s designs and[] 

Overfull \hbox (42.78088pt too wide) in paragraph at lines 57--57
 []                        \T1/pcr/m/n/10 centroids; this function calls Eflags
, Nrows, and[] 

Overfull \hbox (48.78088pt too wide) in paragraph at lines 59--59
 []\T1/pcr/m/n/10 DesignPoints            function for plotting design points a
nd or mixture[] 
("C:\Program Files (x86)\MiKTeX 2.9\tex\latex\psnfss\ts1pcr.fd")
Overfull \hbox (36.78088pt too wide) in paragraph at lines 61--61
 []\T1/pcr/m/n/10 Eflags                  function for calling Pieple\TS1/pcr/m
/n/10 '\T1/pcr/m/n/10 s fortran code cnvrt[] 

Overfull \hbox (42.78088pt too wide) in paragraph at lines 62--62
 []                        \T1/pcr/m/n/10 to create extreme vertices designs an
d prints any[] 

Overfull \hbox (54.78088pt too wide) in paragraph at lines 65--65
 []\T1/pcr/m/n/10 MixturePlot             function for making contour plots in 
simplex region[] 

Overfull \hbox (54.78088pt too wide) in paragraph at lines 66--66
 []\T1/pcr/m/n/10 Nrows                   function for calling Pieple\TS1/pcr/m
/n/10 '\T1/pcr/m/n/10 s fortran code cnvrt to[] 

Overfull \hbox (30.78088pt too wide) in paragraph at lines 67--67
 []                        \T1/pcr/m/n/10 create extreme vertices designs and r
eturns the[] 

Overfull \hbox (24.78088pt too wide) in paragraph at lines 69--69
 []\T1/pcr/m/n/10 SCD                     function for creating Simplex Centroi
d Designs[] 

Overfull \hbox (18.78088pt too wide) in paragraph at lines 70--70
 []\T1/pcr/m/n/10 SLD                     function for creating Simplex Lattice
 Designs[] 

Overfull \hbox (36.78088pt too wide) in paragraph at lines 71--71
 []\T1/pcr/m/n/10 Vertcen                 function for calling Pieple\TS1/pcr/m
/n/10 '\T1/pcr/m/n/10 s fortran code cnvrt[] 

Overfull \hbox (48.78088pt too wide) in paragraph at lines 72--72
 []                        \T1/pcr/m/n/10 to create extreme vertices designs an
d returns the[] 

Overfull \hbox (18.78088pt too wide) in paragraph at lines 74--74
 []\T1/pcr/m/n/10 Xvert                   function for creating extreme vertice
s design[] 

Overfull \hbox (0.78088pt too wide) in paragraph at lines 75--75
 []                        \T1/pcr/m/n/10 and centroids, this function calls cr
vtave[] 

Underfull \vbox (badness 1331) has occurred while \output is active [2]
("C:\Program Files (x86)\MiKTeX 2.9\tex\latex\base\utf8.def")
("C:\Program Files (x86)\MiKTeX 2.9\tex\latex\base\utf8.def") [3]
("C:\Program Files (x86)\MiKTeX 2.9\tex\latex\base\utf8.def")
Overfull \hbox (30.78088pt too wide) in paragraph at lines 178--178
 []\T1/pcr/m/n/10 DesignPoints(des,x,y,z,x1lower,x1upper,x2lower,x2upper,x3lowe
r,x3upper)[] 
[4]
Overfull \hbox (47.58038pt too wide) in paragraph at lines 224--224
 []\T1/pcr/m/n/9 DesignPoints(x1lower=0,x1upper=.8,x2lower=.10,x2upper=.95,x3lo
wer=.05,x3upper=.50)[] 
("C:\Program Files (x86)\MiKTeX 2.9\tex\latex\base\utf8.def") [5]
Overfull \hbox (47.58038pt too wide) in paragraph at lines 289--289
 []\T1/pcr/m/n/9 x1<-c(.1,.1,.1,.15,.1,.1,.1,.4,.35,.30,.1,.45,.45,.45,.45,.45,
.259,.259,.259,.259)[] 

Overfull \hbox (52.98038pt too wide) in paragraph at lines 290--290
 []\T1/pcr/m/n/9 x2<-c(.5,.05,.5,.05,.05,.5,.05,.05,.05,.5,.5,.05,.2,.15,.25,.1
,.222,.222,.222,.222)[] 

Overfull \hbox (25.98041pt too wide) in paragraph at lines 293--293
 []\T1/pcr/m/n/9 x5<-c(.1,.55,.1,.6,.55,.1,.55,.1,.1,.1,.2,.45,.1,.1,.1,.1,.244
,.244,.244,.244)[] 

Overfull \hbox (47.58038pt too wide) in paragraph at lines 294--294
 []\T1/pcr/m/n/9 x6<-c(.2,.2,.2,.05,.2,.05,.05,.2,.2,.05,.05,.05,.05,.2,.05,.2,
.125,.125,.125,.125)[] 

Overfull \hbox (4.38043pt too wide) in paragraph at lines 295--295
 []\T1/pcr/m/n/9 x7<-c(.05,.05,0,.05,0,0,0,.05,.05,0,.05,0,.05,0,.05,0,.025,.02
5,.025,.025)[] 

Overfull \hbox (4.38043pt too wide) in paragraph at lines 296--296
 []\T1/pcr/m/n/9 x8<-c(.05,.05,0,0,0,.05,.05,0,.05,.05,0,0,.05,0,0,.05,.025,.02
5,.025,.025)[] 
[6] ("C:\Program Files (x86)\MiKTeX 2.9\tex\latex\base\utf8.def") [7]
("C:\Program Files (x86)\MiKTeX 2.9\tex\latex\base\utf8.def") [8]
Overfull \hbox (42.18039pt too wide) in paragraph at lines 429--429
 []          \T1/pcr/m/n/9 "y"=c(48.7,49.5,50.2,52.8,49.3,51.1,52.7,50.3,60.7,4
9.9,64.9,53.5,50.6)[] 

Overfull \hbox (4.38043pt too wide) in paragraph at lines 432--432
 []  \T1/pcr/m/n/9 x2lab="Fraction x2", x1lab="Fraction x1", corner.labs=c("x3"
,"x2","x1"),[] 

Overfull \hbox (15.18042pt too wide) in paragraph at lines 442--442
 []   \T1/pcr/m/n/9 x1lab="Fraction A",corner.labs=c("C","B","A"),mod=3,n.break
s=5,cols=TRUE)[] 
("C:\Program Files (x86)\MiKTeX 2.9\tex\latex\base\utf8.def") [9]
("C:\Program Files (x86)\MiKTeX 2.9\tex\latex\base\utf8.def") [10]
("C:\Program Files (x86)\MiKTeX 2.9\tex\latex\base\utf8.def")
("C:\Program Files (x86)\MiKTeX 2.9\tex\latex\base\utf8.def") [11]
("C:\Program Files (x86)\MiKTeX 2.9\tex\latex\base\utf8.def") [12]
Overfull \hbox (42.18039pt too wide) in paragraph at lines 678--678
 []\T1/pcr/m/n/9 Xvert(x1=c(.1,.45),x2=c(.05,.50),x3=c(0,.10),x4=c(0,.4),x5=c(.
1,.6),x6=c(.05,.2),[] 
(C:\Users\Lawson\AppData\Local\Temp\Rd2dvi263242495\Rd2.ind [13] [14])
(C:\Users\Lawson\AppData\Local\Temp\Rd2dvi263242495\Rd2.aux) )
(see the transcript file for additional information){C:/Program Files (x86)/MiK
TeX 2.9/fonts/enc/dvips/fontname/8r.enc}<C:/Program Files (x86)/MiKTeX 2.9/font
s/type1/public/amsfonts/cm/cmsy10.pfb><C:/Program Files (x86)/MiKTeX 2.9/fonts/
type1/urw/courier/ucrr8a.pfb><C:/Program Files (x86)/MiKTeX 2.9/fonts/type1/urw
/helvetic/uhvr8a.pfb><C:/Program Files (x86)/MiKTeX 2.9/fonts/type1/urw/times/u
tmb8a.pfb><C:/Program Files (x86)/MiKTeX 2.9/fonts/type1/urw/times/utmr8a.pfb><
C:/Program Files (x86)/MiKTeX 2.9/fonts/type1/urw/times/utmr8a.pfb><C:/Program 
Files (x86)/MiKTeX 2.9/fonts/type1/urw/times/utmri8a.pfb>
Output written on Rd2.pdf (14 pages, 135974 bytes).
Transcript written on Rd2.log.
Saving output to 'mixexp-manual.pdf' ...
Done
You may want to clean up by 'rm -rf C:/Users/Lawson/AppData/Local/Temp/Rd2dvi263242495'
