* using log directory 'C:/Users/John Lawson/Documents/my_r_pkg/daewr/..Rcheck'
* using R version 2.15.0 (2012-03-30)
* using platform: i386-pc-mingw32 (32-bit)
* using session charset: ISO8859-1
* checking for file './DESCRIPTION' ... OK
* checking extension type ... Package
* this is package 'daewr' version '0.5-1'
* checking package namespace information ... OK
* checking package dependencies ... OK
* checking if this is a source package ... OK
* checking if there is a namespace ... OK
* checking for executable files ... OK
* checking whether package 'daewr' can be installed ... WARNING
Found the following significant warnings:
  Warning: C:/Users/John Lawson/Documents/my_r_pkg/daewr/man/BIBsize.Rd:71: unexpected END_OF_INPUT '
  Warning: C:/Users/John Lawson/Documents/my_r_pkg/daewr/man/fullnormal.Rd:94: unexpected END_OF_INPUT '
  Warning: C:/Users/John Lawson/Documents/my_r_pkg/daewr/man/mod.Rd:41: unexpected END_OF_INPUT '
See 'C:/Users/John Lawson/Documents/my_r_pkg/daewr/..Rcheck/00install.out' for details.
* checking installed package size ... OK
* checking package directory ... OK
* checking for portable file names ... OK
* checking DESCRIPTION meta-information ... OK
* checking top-level files ... OK
* checking index information ... OK
* checking package subdirectories ... WARNING
Found the following directory(s) with names of check directories:
  ./..Rcheck
Most likely, these were included erroneously.
* checking R files for non-ASCII characters ... OK
* checking R files for syntax errors ... OK
* checking whether the package can be loaded ... OK
* checking whether the package can be loaded with stated dependencies ... OK
* checking whether the package can be unloaded cleanly ... OK
* checking whether the namespace can be loaded with stated dependencies ... OK
* checking whether the namespace can be unloaded cleanly ... OK
* checking for unstated dependencies in R code ... OK
* checking S3 generic/method consistency ... OK
* checking replacement functions ... OK
* checking foreign function calls ... OK
* checking R code for possible problems ... NOTE
fullnormal: no visible global function definition for 'LenthPlot'
* checking Rd files ... WARNING
prepare_Rd: Apo.Rd:17-19: Dropping empty section \details
prepare_Rd: Apo.Rd:23-25: Dropping empty section \references
prepare_Rd: BIBsize.Rd:71: unexpected END_OF_INPUT '
'
prepare_Rd: BIBsize.Rd:17-18: Dropping empty section \details
prepare_Rd: BIBsize.Rd:27-29: Dropping empty section \note
prepare_Rd: BIBsize.Rd:22-23: Dropping empty section \references
prepare_Rd: BIBsize.Rd:33-35: Dropping empty section \seealso
prepare_Rd: BPmonitor.Rd:18-20: Dropping empty section \details
prepare_Rd: BPmonitor.Rd:24-26: Dropping empty section \references
prepare_Rd: Bdish.Rd:21-23: Dropping empty section \details
prepare_Rd: Bdish.Rd:27-29: Dropping empty section \references
prepare_Rd: Bff.Rd:25-27: Dropping empty section \details
prepare_Rd: Bff.Rd:31-33: Dropping empty section \references
prepare_Rd: BoxM.Rd:20-22: Dropping empty section \details
prepare_Rd: COdata.Rd:18-20: Dropping empty section \details
prepare_Rd: COdata.Rd:24-26: Dropping empty section \references
prepare_Rd: Fcrit.Rd:40: Dropping empty section \keyword
prepare_Rd: Fcrit.Rd:17-18: Dropping empty section \details
prepare_Rd: Fcrit.Rd:26-27: Dropping empty section \note
prepare_Rd: Fcrit.Rd:21-22: Dropping empty section \references
prepare_Rd: Fcrit.Rd:31-32: Dropping empty section \seealso
prepare_Rd: Fpower.Rd:49: Dropping empty section \keyword
prepare_Rd: Fpower.Rd:23-24: Dropping empty section \details
prepare_Rd: Fpower.Rd:34-36: Dropping empty section \note
prepare_Rd: Fpower.Rd:29-30: Dropping empty section \references
prepare_Rd: Fpower.Rd:40-42: Dropping empty section \seealso
prepare_Rd: Gaptest.Rd:227: Dropping empty section \keyword
prepare_Rd: Gaptest.Rd:14-15: Dropping empty section \details
prepare_Rd: Gaptest.Rd:16-17: Dropping empty section \value
prepare_Rd: Gaptest.Rd:24-26: Dropping empty section \note
prepare_Rd: Gaptest.Rd:30-32: Dropping empty section \seealso
prepare_Rd: LGB.Rd:119: Dropping empty section \keyword
prepare_Rd: LGB.Rd:26-27: Dropping empty section \details
prepare_Rd: LGB.Rd:37-39: Dropping empty section \note
prepare_Rd: LGB.Rd:43-45: Dropping empty section \seealso
prepare_Rd: MPV.Rd:21-23: Dropping empty section \details
prepare_Rd: MPV.Rd:27-29: Dropping empty section \references
prepare_Rd: Naph.Rd:17-19: Dropping empty section \details
prepare_Rd: Naph.Rd:23-25: Dropping empty section \references
prepare_Rd: SPMPV.Rd:22-24: Dropping empty section \details
prepare_Rd: SPMPV.Rd:28-30: Dropping empty section \references
prepare_Rd: Smotor.Rd:21-23: Dropping empty section \details
prepare_Rd: Smotor.Rd:27-29: Dropping empty section \references
prepare_Rd: Tet.Rd:17-19: Dropping empty section \details
prepare_Rd: Tet.Rd:23-25: Dropping empty section \references
prepare_Rd: Treb.Rd:19-21: Dropping empty section \details
prepare_Rd: Treb.Rd:25-27: Dropping empty section \references
prepare_Rd: Tukey1df.Rd:84: Dropping empty section \keyword
prepare_Rd: Tukey1df.Rd:14-15: Dropping empty section \details
prepare_Rd: Tukey1df.Rd:16-17: Dropping empty section \value
prepare_Rd: Tukey1df.Rd:24-26: Dropping empty section \note
prepare_Rd: Tukey1df.Rd:30-32: Dropping empty section \seealso
prepare_Rd: antifungal.Rd:20-22: Dropping empty section \details
prepare_Rd: antifungal.Rd:26-28: Dropping empty section \references
prepare_Rd: apple.Rd:19-21: Dropping empty section \details
prepare_Rd: apple.Rd:25-27: Dropping empty section \references
prepare_Rd: arso.Rd:23-25: Dropping empty section \details
prepare_Rd: arso.Rd:29-31: Dropping empty section \references
prepare_Rd: augm.Rd:24-26: Dropping empty section \details
prepare_Rd: augm.Rd:30-32: Dropping empty section \references
prepare_Rd: bha.Rd:19-21: Dropping empty section \details
prepare_Rd: bha.Rd:25-27: Dropping empty section \references
prepare_Rd: bioequiv.Rd:21-23: Dropping empty section \details
prepare_Rd: bioequiv.Rd:27-29: Dropping empty section \references
prepare_Rd: bioeqv.Rd:19-21: Dropping empty section \details
prepare_Rd: bioeqv.Rd:25-27: Dropping empty section \references
prepare_Rd: blood.Rd:18-20: Dropping empty section \details
prepare_Rd: blood.Rd:24-26: Dropping empty section \references
prepare_Rd: bread.Rd:18-20: Dropping empty section \details
prepare_Rd: bread.Rd:24-26: Dropping empty section \references
prepare_Rd: cake.Rd:21-23: Dropping empty section \details
prepare_Rd: cake.Rd:27-29: Dropping empty section \references
prepare_Rd: castf.Rd:27-29: Dropping empty section \details
prepare_Rd: castf.Rd:33-35: Dropping empty section \references
prepare_Rd: cement.Rd:20-22: Dropping empty section \details
prepare_Rd: cement.Rd:26-28: Dropping empty section \references
prepare_Rd: chem.Rd:20-22: Dropping empty section \details
prepare_Rd: chem.Rd:26-28: Dropping empty section \references
prepare_Rd: chipman.Rd:22-24: Dropping empty section \details
prepare_Rd: chipman.Rd:28-30: Dropping empty section \references
prepare_Rd: cont.Rd:21-23: Dropping empty section \details
prepare_Rd: cont.Rd:27-29: Dropping empty section \references
prepare_Rd: cpipe.Rd:21-23: Dropping empty section \details
prepare_Rd: cpipe.Rd:27-29: Dropping empty section \references
prepare_Rd: culture.Rd:24-26: Dropping empty section \details
prepare_Rd: culture.Rd:30-32: Dropping empty section \references
prepare_Rd: dairy.Rd:20-22: Dropping empty section \details
prepare_Rd: dairy.Rd:26-28: Dropping empty section \references
prepare_Rd: drug.Rd:18-20: Dropping empty section \details
prepare_Rd: drug.Rd:24-26: Dropping empty section \references
prepare_Rd: eptaxr.Rd:24-26: Dropping empty section \details
prepare_Rd: eptaxr.Rd:30-32: Dropping empty section \references
prepare_Rd: eptaxs2.Rd:24-26: Dropping empty section \details
prepare_Rd: eptaxs2.Rd:30-32: Dropping empty section \references
prepare_Rd: eptaxyb.Rd:24-26: Dropping empty section \details
prepare_Rd: eptaxyb.Rd:30-32: Dropping empty section \references
prepare_Rd: fullnormal.Rd:94: unexpected END_OF_INPUT '
'
prepare_Rd: fullnormal.Rd:23-24: Dropping empty section \details
prepare_Rd: fullnormal.Rd:25-26: Dropping empty section \value
prepare_Rd: fullnormal.Rd:33-35: Dropping empty section \note
prepare_Rd: fullnormal.Rd:27-29: Dropping empty section \references
prepare_Rd: fullnormal.Rd:39-41: Dropping empty section \seealso
prepare_Rd: gagerr.Rd:18-20: Dropping empty section \details
prepare_Rd: gagerr.Rd:24-26: Dropping empty section \references
prepare_Rd: gapstat.Rd:73: Dropping empty section \keyword
prepare_Rd: gapstat.Rd:17-18: Dropping empty section \details
prepare_Rd: gapstat.Rd:29-31: Dropping empty section \note
prepare_Rd: gapstat.Rd:35-37: Dropping empty section \seealso
prepare_Rd: gear.Rd:21-23: Dropping empty section \details
prepare_Rd: gear.Rd:27-29: Dropping empty section \references
prepare_Rd: hardwood.Rd:20-22: Dropping empty section \details
prepare_Rd: hardwood.Rd:26-28: Dropping empty section \references
prepare_Rd: inject.Rd:23-25: Dropping empty section \details
prepare_Rd: inject.Rd:29-31: Dropping empty section \references
prepare_Rd: mod.Rd:41: unexpected END_OF_INPUT '
'
prepare_Rd: mod.Rd:15-16: Dropping empty section \details
prepare_Rd: mod.Rd:24-25: Dropping empty section \note
prepare_Rd: mod.Rd:19-20: Dropping empty section \references
prepare_Rd: mod.Rd:29-30: Dropping empty section \seealso
prepare_Rd: pastry.Rd:20-22: Dropping empty section \details
prepare_Rd: pastry.Rd:26-28: Dropping empty section \references
prepare_Rd: pest.Rd:19-21: Dropping empty section \details
prepare_Rd: pest.Rd:25-27: Dropping empty section \references
prepare_Rd: pesticide.Rd:19-21: Dropping empty section \details
prepare_Rd: pesticide.Rd:25-27: Dropping empty section \references
prepare_Rd: plasma.Rd:21-23: Dropping empty section \details
prepare_Rd: plasma.Rd:27-29: Dropping empty section \references
prepare_Rd: polvdat.Rd:19-21: Dropping empty section \details
prepare_Rd: polvdat.Rd:25-27: Dropping empty section \references
prepare_Rd: polymer.Rd:20-22: Dropping empty section \details
prepare_Rd: polymer.Rd:26-28: Dropping empty section \references
prepare_Rd: prodstd.Rd:23-25: Dropping empty section \details
prepare_Rd: prodstd.Rd:29-31: Dropping empty section \references
prepare_Rd: qsar.Rd:19-21: Dropping empty section \details
prepare_Rd: qsar.Rd:25-27: Dropping empty section \references
prepare_Rd: rcb.Rd:18-20: Dropping empty section \details
prepare_Rd: rcb.Rd:24-26: Dropping empty section \references
prepare_Rd: residue.Rd:23-25: Dropping empty section \details
prepare_Rd: residue.Rd:29-31: Dropping empty section \references
prepare_Rd: rubber.Rd:19-21: Dropping empty section \details
prepare_Rd: rubber.Rd:25-27: Dropping empty section \references
prepare_Rd: sausage.Rd:22-24: Dropping empty section \details
prepare_Rd: sausage.Rd:28-30: Dropping empty section \references
prepare_Rd: soup.Rd:21-23: Dropping empty section \details
prepare_Rd: soup.Rd:27-29: Dropping empty section \references
prepare_Rd: soupmx.Rd:17-19: Dropping empty section \details
prepare_Rd: soupmx.Rd:23-25: Dropping empty section \references
prepare_Rd: splitPdes.Rd:20-22: Dropping empty section \details
prepare_Rd: splitPdes.Rd:26-28: Dropping empty section \references
prepare_Rd: strung.Rd:19-21: Dropping empty section \details
prepare_Rd: strung.Rd:25-27: Dropping empty section \references
prepare_Rd: strungtile.Rd:31-33: Dropping empty section \details
prepare_Rd: strungtile.Rd:37-39: Dropping empty section \references
prepare_Rd: sugarbeet.Rd:17-19: Dropping empty section \details
prepare_Rd: sugarbeet.Rd:23-24: Dropping empty section \references
prepare_Rd: taste.Rd:18-20: Dropping empty section \details
prepare_Rd: taste.Rd:24-26: Dropping empty section \references
prepare_Rd: teach.Rd:19-21: Dropping empty section \details
prepare_Rd: teach.Rd:25-27: Dropping empty section \references
prepare_Rd: tile.Rd:26-28: Dropping empty section \details
prepare_Rd: tile.Rd:32-34: Dropping empty section \references
prepare_Rd: vci.Rd:70: Dropping empty section \keyword
prepare_Rd: vci.Rd:25-26: Dropping empty section \details
prepare_Rd: vci.Rd:34-35: Dropping empty section \note
prepare_Rd: vci.Rd:29-30: Dropping empty section \references
prepare_Rd: vci.Rd:39-40: Dropping empty section \seealso
prepare_Rd: virus.Rd:18-20: Dropping empty section \details
prepare_Rd: virus.Rd:24-26: Dropping empty section \references
prepare_Rd: volt.Rd:19-21: Dropping empty section \details
prepare_Rd: volt.Rd:25-27: Dropping empty section \references
prepare_Rd: web.Rd:21-23: Dropping empty section \details
prepare_Rd: web.Rd:27-29: Dropping empty section \references
* checking Rd metadata ... OK
* checking Rd cross-references ... OK
* checking for missing documentation entries ... OK
* checking for code/documentation mismatches ... OK
* checking Rd \usage sections ... WARNING
Bad \usage lines found in documentation object 'Gaptest':
  Gaptest<-function(DesY)
Bad \usage lines found in documentation object 'LGB':
  LGB<-function(Beta,alpha=.05,rpt=TRUE,plt=TRUE,pltl=TRUE)
Bad \usage lines found in documentation object 'Tukey1df':
  Tukey1df<-function(data)
Bad \usage lines found in documentation object 'fullnormal':
  fullnormal<-function(effects,labs,alpha=.05,refline="TRUE")
Bad \usage lines found in documentation object 'gapstat':
  gapstat<-function(beta,pse)

Functions with \usage entries need to have the appropriate \alias
entries, and all their arguments documented.
The \usage entries must correspond to syntactically valid R code.
See the chapter 'Writing R documentation files' in the 'Writing R
Extensions' manual.
* checking Rd contents ... OK
* checking for unstated dependencies in examples ... WARNING
Warning: parse error in file 'daewr-Ex.R':
0: unexpected end of input
1719: ### End: ***
1720: quit('no')
    ^
* checking contents of 'data' directory ... OK
* checking data for non-ASCII characters ... OK
* checking data for ASCII and uncompressed saves ... OK
* checking examples ... OK
* checking PDF version of manual ... OK
WARNING: There were 5 warnings.
NOTE: There was 1 note.
See
  'C:/Users/John Lawson/Documents/my_r_pkg/daewr/..Rcheck/00check.log'
for details.
