Hmm ... looks like a package
Converting Rd files to LaTeX ...
  Compare2Vdg.Rd
  D310.Rd
  D311A.Rd
  D311B.Rd
  D416A.Rd
  D416B.Rd
  D416C.Rd
  D628A.Rd
  Hex2.Rd
  SCDDL5.Rd
  SCDH2.Rd
  SCDH3.Rd
  SCDH4.Rd
  SCDH5.Rd
  SCDH6.Rd
  Vardsgr.Rd
  Vdgraph-package.Rd
  Vdgraph.Rd
  f.Rd
Creating pdf output from LaTeX ...
This is pdfTeX, Version 3.1415926-1.40.11 (MiKTeX 2.9)
entering extended mode
(C:\Users\Lawson\AppData\Local\Temp\Rd2dvi360047256\Rd2.tex
LaTeX2e <2009/09/24>
Babel <v3.8l> and hyphenation patterns for english, afrikaans, ancientgreek, ar
abic, armenian, assamese, basque, bengali, bokmal, bulgarian, catalan, coptic, 
croatian, czech, danish, dutch, esperanto, estonian, farsi, finnish, french, ga
lician, german, german-x-2009-06-19, greek, gujarati, hindi, hungarian, iceland
ic, indonesian, interlingua, irish, italian, kannada, kurmanji, lao, latin, lat
vian, lithuanian, malayalam, marathi, mongolian, mongolianlmc, monogreek, ngerm
an, ngerman-x-2009-06-19, nynorsk, oriya, panjabi, pinyin, polish, portuguese, 
romanian, russian, sanskrit, serbian, slovak, slovenian, spanish, swedish, swis
sgerman, tamil, telugu, turkish, turkmen, ukenglish, ukrainian, uppersorbian, u
senglishmax, welsh, loaded.

("C:\Program Files (x86)\MiKTeX 2.9\tex\latex\base\book.cls"
Document Class: book 2007/10/19 v1.4h Standard LaTeX document class
("C:\Program Files (x86)\MiKTeX 2.9\tex\latex\base\bk10.clo"))
(C:/PROGRA~2\R\R-211~1.1\share\texmf\Rd.sty
("C:\Program Files (x86)\MiKTeX 2.9\tex\latex\base\ifthen.sty")
("C:\Program Files (x86)\MiKTeX 2.9\tex\latex\tools\longtable.sty")
("C:\Program Files (x86)\MiKTeX 2.9\tex\latex\tools\bm.sty")
("C:\Program Files (x86)\MiKTeX 2.9\tex\latex\base\alltt.sty")
("C:\Program Files (x86)\MiKTeX 2.9\tex\latex\tools\verbatim.sty")
("C:\Program Files (x86)\MiKTeX 2.9\tex\latex\ltxmisc\url.sty")
(C:/PROGRA~2\R\R-211~1.1\share\texmf\upquote.sty
("C:\Program Files (x86)\MiKTeX 2.9\tex\latex\base\textcomp.sty"
("C:\Program Files (x86)\MiKTeX 2.9\tex\latex\base\ts1enc.def")))
NOT loading ae ("C:\Program Files (x86)\MiKTeX 2.9\tex\latex\base\fontenc.sty"
("C:\Program Files (x86)\MiKTeX 2.9\tex\latex\base\t1enc.def"))
("C:\Program Files (x86)\MiKTeX 2.9\tex\latex\psnfss\times.sty")
NOT loading lmodern
("C:\Program Files (x86)\MiKTeX 2.9\tex\latex\graphics\color.sty"
("C:\Program Files (x86)\MiKTeX 2.9\tex\latex\00miktex\color.cfg")
("C:\Program Files (x86)\MiKTeX 2.9\tex\latex\pdftex-def\pdftex.def"))
("C:\Program Files (x86)\MiKTeX 2.9\tex\latex\hyperref\hyperref.sty"
("C:\Program Files (x86)\MiKTeX 2.9\tex\generic\oberdiek\ltxcmds.sty")
("C:\Program Files (x86)\MiKTeX 2.9\tex\generic\oberdiek\ifpdf.sty")
("C:\Program Files (x86)\MiKTeX 2.9\tex\generic\oberdiek\pdftexcmds.sty"
("C:\Program Files (x86)\MiKTeX 2.9\tex\generic\oberdiek\infwarerr.sty")
("C:\Program Files (x86)\MiKTeX 2.9\tex\generic\oberdiek\ifluatex.sty"))
("C:\Program Files (x86)\MiKTeX 2.9\tex\latex\graphics\keyval.sty")
("C:\Program Files (x86)\MiKTeX 2.9\tex\generic\oberdiek\kvsetkeys.sty"
("C:\Program Files (x86)\MiKTeX 2.9\tex\generic\oberdiek\etexcmds.sty"))
("C:\Program Files (x86)\MiKTeX 2.9\tex\generic\oberdiek\pdfescape.sty")
("C:\Program Files (x86)\MiKTeX 2.9\tex\generic\oberdiek\ifvtex.sty")
("C:\Program Files (x86)\MiKTeX 2.9\tex\generic\ifxetex\ifxetex.sty")
("C:\Program Files (x86)\MiKTeX 2.9\tex\latex\oberdiek\hycolor.sty"
("C:\Program Files (x86)\MiKTeX 2.9\tex\latex\oberdiek\xcolor-patch.sty"))
("C:\Program Files (x86)\MiKTeX 2.9\tex\latex\oberdiek\letltxmacro.sty")
("C:\Program Files (x86)\MiKTeX 2.9\tex\latex\oberdiek\kvoptions.sty")
("C:\Program Files (x86)\MiKTeX 2.9\tex\latex\hyperref\pd1enc.def")
("C:\Program Files (x86)\MiKTeX 2.9\tex\generic\oberdiek\intcalc.sty")
("C:\Program Files (x86)\MiKTeX 2.9\tex\latex\00miktex\hyperref.cfg")
("C:\Program Files (x86)\MiKTeX 2.9\tex\generic\oberdiek\bitset.sty"
("C:\Program Files (x86)\MiKTeX 2.9\tex\generic\oberdiek\bigintcalc.sty"))
("C:\Program Files (x86)\MiKTeX 2.9\tex\generic\oberdiek\atbegshi.sty"))

Package hyperref Message: Driver (autodetected): hpdftex.

("C:\Program Files (x86)\MiKTeX 2.9\tex\latex\hyperref\hpdftex.def"
("C:\Program Files (x86)\MiKTeX 2.9\tex\latex\oberdiek\atveryend.sty")
("C:\Program Files (x86)\MiKTeX 2.9\tex\latex\oberdiek\rerunfilecheck.sty"
("C:\Program Files (x86)\MiKTeX 2.9\tex\generic\oberdiek\uniquecounter.sty")))

Package hyperref Warning: Option `hyperindex' has already been used,
(hyperref)                setting the option has no effect on input line 327.


Package hyperref Warning: Option `pagebackref' has already been used,
(hyperref)                setting the option has no effect on input line 327.

) ("C:\Program Files (x86)\MiKTeX 2.9\tex\latex\base\makeidx.sty")
("C:\Program Files (x86)\MiKTeX 2.9\tex\latex\base\inputenc.sty"
("C:\Program Files (x86)\MiKTeX 2.9\tex\latex\base\utf8.def"
("C:\Program Files (x86)\MiKTeX 2.9\tex\latex\base\t1enc.dfu")
("C:\Program Files (x86)\MiKTeX 2.9\tex\latex\base\ot1enc.dfu")
("C:\Program Files (x86)\MiKTeX 2.9\tex\latex\base\omsenc.dfu")
("C:\Program Files (x86)\MiKTeX 2.9\tex\latex\base\ts1enc.dfu"))
("C:\Program Files (x86)\MiKTeX 2.9\tex\latex\base\latin1.def"))
Writing index file Rd2.idx
No file Rd2.aux.
("C:\Program Files (x86)\MiKTeX 2.9\tex\latex\base\ts1cmr.fd")
("C:\Program Files (x86)\MiKTeX 2.9\tex\latex\psnfss\t1ptm.fd")
(C:\Users\Lawson\AppData\Roaming\MiKTeX\2.9\tex\context\base\supp-pdf.mkii
[Loading MPS to PDF converter (version 2006.09.02).]
) ("C:\Program Files (x86)\MiKTeX 2.9\tex\latex\hyperref\nameref.sty"
("C:\Program Files (x86)\MiKTeX 2.9\tex\latex\oberdiek\refcount.sty")
("C:\Program Files (x86)\MiKTeX 2.9\tex\generic\oberdiek\gettitlestring.sty"))
("C:\Program Files (x86)\MiKTeX 2.9\tex\latex\psnfss\t1pcr.fd")
("C:\Program Files (x86)\MiKTeX 2.9\tex\latex\psnfss\t1phv.fd")
("C:\Program Files (x86)\MiKTeX 2.9\tex\latex\base\utf8.def") [1{C:/Users/Lawso
n/AppData/Local/MiKTeX/2.9/pdftex/config/pdftex.map}]
("C:\Program Files (x86)\MiKTeX 2.9\tex\latex\psnfss\ts1pcr.fd")
Overfull \hbox (6.78088pt too wide) in paragraph at lines 62--62
 []\T1/pcr/m/n/10 SCDDL5                  Draper and Lin\TS1/pcr/m/n/10 '\T1/pc
r/m/n/10 s Small Composite Design for[] 

Overfull \hbox (0.78088pt too wide) in paragraph at lines 66--66
 []\T1/pcr/m/n/10 SCDH3                   Hartley\TS1/pcr/m/n/10 '\T1/pcr/m/n/1
0 s Small Composite Design for three[] 

Overfull \hbox (30.78088pt too wide) in paragraph at lines 75--75
 []\T1/pcr/m/n/10 Vdgraph                 this function makes a Variance Disper
sion Graph[] 
("C:\Program Files (x86)\MiKTeX 2.9\tex\latex\base\utf8.def") [2]
Overfull \hbox (144.78027pt too wide) in paragraph at lines 145--145
 []\T1/pcr/m/n/9 Compare2Vdg("Hartley\TS1/pcr/m/n/9 '\T1/pcr/m/n/9 s Small Comp
osite-5 fac",SCDH5,"Draper and Lin\TS1/pcr/m/n/9 '\T1/pcr/m/n/9 s Small Composi
te-5 fac",SCDDL5)[] 

Overfull \hbox (52.98038pt too wide) in paragraph at lines 152--152
 []\T1/pcr/m/n/9 Compare2Vdg("Box Behnken 3 Factors",BB.des3,"Central Composite
 3 Factors",CCD.des3)[] 
[3] ("C:\Program Files (x86)\MiKTeX 2.9\tex\latex\base\utf8.def")
("C:\Program Files (x86)\MiKTeX 2.9\tex\latex\base\utf8.def")
("C:\Program Files (x86)\MiKTeX 2.9\tex\latex\base\utf8.def") [4]
("C:\Program Files (x86)\MiKTeX 2.9\tex\latex\base\utf8.def")
("C:\Program Files (x86)\MiKTeX 2.9\tex\latex\base\utf8.def") [5]
("C:\Program Files (x86)\MiKTeX 2.9\tex\latex\base\utf8.def")
("C:\Program Files (x86)\MiKTeX 2.9\tex\latex\base\utf8.def") [6]
("C:\Program Files (x86)\MiKTeX 2.9\tex\latex\base\utf8.def")
("C:\Program Files (x86)\MiKTeX 2.9\tex\latex\base\utf8.def") [7]
("C:\Program Files (x86)\MiKTeX 2.9\tex\latex\base\utf8.def")
("C:\Program Files (x86)\MiKTeX 2.9\tex\latex\base\utf8.def") [8]
("C:\Program Files (x86)\MiKTeX 2.9\tex\latex\base\utf8.def")
("C:\Program Files (x86)\MiKTeX 2.9\tex\latex\base\utf8.def") [9]
("C:\Program Files (x86)\MiKTeX 2.9\tex\latex\base\utf8.def")
("C:\Program Files (x86)\MiKTeX 2.9\tex\latex\base\utf8.def") [10]
("C:\Program Files (x86)\MiKTeX 2.9\tex\latex\base\utf8.def") [11]
("C:\Program Files (x86)\MiKTeX 2.9\tex\latex\base\utf8.def") [12]
No file Rd2.ind.
[13] (C:\Users\Lawson\AppData\Local\Temp\Rd2dvi360047256\Rd2.aux)

Package rerunfilecheck Warning: File `Rd2.out' has changed.
(rerunfilecheck)                Rerun to get outlines right
(rerunfilecheck)                or use package `bookmark'.

 )
(see the transcript file for additional information){C:/Program Files (x86)/MiK
TeX 2.9/fonts/enc/dvips/fontname/8r.enc}<C:/Program Files (x86)/MiKTeX 2.9/font
s/type1/urw/courier/ucrr8a.pfb><C:/Program Files (x86)/MiKTeX 2.9/fonts/type1/u
rw/helvetic/uhvr8a.pfb><C:/Program Files (x86)/MiKTeX 2.9/fonts/type1/urw/times
/utmb8a.pfb><C:/Program Files (x86)/MiKTeX 2.9/fonts/type1/urw/times/utmr8a.pfb
><C:/Program Files (x86)/MiKTeX 2.9/fonts/type1/urw/times/utmr8a.pfb><C:/Progra
m Files (x86)/MiKTeX 2.9/fonts/type1/urw/times/utmri8a.pfb>
Output written on Rd2.pdf (13 pages, 117150 bytes).
Transcript written on Rd2.log.
This is C:\Program Files (x86)\MiKTeX 2.9\miktex\bin\makeindex.exe, version 2.15 [MiKTeX 2.9] (kpathsea + Thai support).
Scanning input file Rd2.idx....done (20 entries accepted, 0 rejected).
Sorting entries....done (105 comparisons).
Generating output file Rd2.ind....done (43 lines written, 0 warnings).
Output written in Rd2.ind.
Transcript written in Rd2.ilg.
This is pdfTeX, Version 3.1415926-1.40.11 (MiKTeX 2.9)
entering extended mode
(C:\Users\Lawson\AppData\Local\Temp\Rd2dvi360047256\Rd2.tex
LaTeX2e <2009/09/24>
Babel <v3.8l> and hyphenation patterns for english, afrikaans, ancientgreek, ar
abic, armenian, assamese, basque, bengali, bokmal, bulgarian, catalan, coptic, 
croatian, czech, danish, dutch, esperanto, estonian, farsi, finnish, french, ga
lician, german, german-x-2009-06-19, greek, gujarati, hindi, hungarian, iceland
ic, indonesian, interlingua, irish, italian, kannada, kurmanji, lao, latin, lat
vian, lithuanian, malayalam, marathi, mongolian, mongolianlmc, monogreek, ngerm
an, ngerman-x-2009-06-19, nynorsk, oriya, panjabi, pinyin, polish, portuguese, 
romanian, russian, sanskrit, serbian, slovak, slovenian, spanish, swedish, swis
sgerman, tamil, telugu, turkish, turkmen, ukenglish, ukrainian, uppersorbian, u
senglishmax, welsh, loaded.

("C:\Program Files (x86)\MiKTeX 2.9\tex\latex\base\book.cls"
Document Class: book 2007/10/19 v1.4h Standard LaTeX document class
("C:\Program Files (x86)\MiKTeX 2.9\tex\latex\base\bk10.clo"))
(C:/PROGRA~2\R\R-211~1.1\share\texmf\Rd.sty
("C:\Program Files (x86)\MiKTeX 2.9\tex\latex\base\ifthen.sty")
("C:\Program Files (x86)\MiKTeX 2.9\tex\latex\tools\longtable.sty")
("C:\Program Files (x86)\MiKTeX 2.9\tex\latex\tools\bm.sty")
("C:\Program Files (x86)\MiKTeX 2.9\tex\latex\base\alltt.sty")
("C:\Program Files (x86)\MiKTeX 2.9\tex\latex\tools\verbatim.sty")
("C:\Program Files (x86)\MiKTeX 2.9\tex\latex\ltxmisc\url.sty")
(C:/PROGRA~2\R\R-211~1.1\share\texmf\upquote.sty
("C:\Program Files (x86)\MiKTeX 2.9\tex\latex\base\textcomp.sty"
("C:\Program Files (x86)\MiKTeX 2.9\tex\latex\base\ts1enc.def")))
NOT loading ae ("C:\Program Files (x86)\MiKTeX 2.9\tex\latex\base\fontenc.sty"
("C:\Program Files (x86)\MiKTeX 2.9\tex\latex\base\t1enc.def"))
("C:\Program Files (x86)\MiKTeX 2.9\tex\latex\psnfss\times.sty")
NOT loading lmodern
("C:\Program Files (x86)\MiKTeX 2.9\tex\latex\graphics\color.sty"
("C:\Program Files (x86)\MiKTeX 2.9\tex\latex\00miktex\color.cfg")
("C:\Program Files (x86)\MiKTeX 2.9\tex\latex\pdftex-def\pdftex.def"))
("C:\Program Files (x86)\MiKTeX 2.9\tex\latex\hyperref\hyperref.sty"
("C:\Program Files (x86)\MiKTeX 2.9\tex\generic\oberdiek\ltxcmds.sty")
("C:\Program Files (x86)\MiKTeX 2.9\tex\generic\oberdiek\ifpdf.sty")
("C:\Program Files (x86)\MiKTeX 2.9\tex\generic\oberdiek\pdftexcmds.sty"
("C:\Program Files (x86)\MiKTeX 2.9\tex\generic\oberdiek\infwarerr.sty")
("C:\Program Files (x86)\MiKTeX 2.9\tex\generic\oberdiek\ifluatex.sty"))
("C:\Program Files (x86)\MiKTeX 2.9\tex\latex\graphics\keyval.sty")
("C:\Program Files (x86)\MiKTeX 2.9\tex\generic\oberdiek\kvsetkeys.sty"
("C:\Program Files (x86)\MiKTeX 2.9\tex\generic\oberdiek\etexcmds.sty"))
("C:\Program Files (x86)\MiKTeX 2.9\tex\generic\oberdiek\pdfescape.sty")
("C:\Program Files (x86)\MiKTeX 2.9\tex\generic\oberdiek\ifvtex.sty")
("C:\Program Files (x86)\MiKTeX 2.9\tex\generic\ifxetex\ifxetex.sty")
("C:\Program Files (x86)\MiKTeX 2.9\tex\latex\oberdiek\hycolor.sty"
("C:\Program Files (x86)\MiKTeX 2.9\tex\latex\oberdiek\xcolor-patch.sty"))
("C:\Program Files (x86)\MiKTeX 2.9\tex\latex\oberdiek\letltxmacro.sty")
("C:\Program Files (x86)\MiKTeX 2.9\tex\latex\oberdiek\kvoptions.sty")
("C:\Program Files (x86)\MiKTeX 2.9\tex\latex\hyperref\pd1enc.def")
("C:\Program Files (x86)\MiKTeX 2.9\tex\generic\oberdiek\intcalc.sty")
("C:\Program Files (x86)\MiKTeX 2.9\tex\latex\00miktex\hyperref.cfg")
("C:\Program Files (x86)\MiKTeX 2.9\tex\generic\oberdiek\bitset.sty"
("C:\Program Files (x86)\MiKTeX 2.9\tex\generic\oberdiek\bigintcalc.sty"))
("C:\Program Files (x86)\MiKTeX 2.9\tex\generic\oberdiek\atbegshi.sty"))

Package hyperref Message: Driver (autodetected): hpdftex.

("C:\Program Files (x86)\MiKTeX 2.9\tex\latex\hyperref\hpdftex.def"
("C:\Program Files (x86)\MiKTeX 2.9\tex\latex\oberdiek\atveryend.sty")
("C:\Program Files (x86)\MiKTeX 2.9\tex\latex\oberdiek\rerunfilecheck.sty"
("C:\Program Files (x86)\MiKTeX 2.9\tex\generic\oberdiek\uniquecounter.sty")))

Package hyperref Warning: Option `hyperindex' has already been used,
(hyperref)                setting the option has no effect on input line 327.


Package hyperref Warning: Option `pagebackref' has already been used,
(hyperref)                setting the option has no effect on input line 327.

) ("C:\Program Files (x86)\MiKTeX 2.9\tex\latex\base\makeidx.sty")
("C:\Program Files (x86)\MiKTeX 2.9\tex\latex\base\inputenc.sty"
("C:\Program Files (x86)\MiKTeX 2.9\tex\latex\base\utf8.def"
("C:\Program Files (x86)\MiKTeX 2.9\tex\latex\base\t1enc.dfu")
("C:\Program Files (x86)\MiKTeX 2.9\tex\latex\base\ot1enc.dfu")
("C:\Program Files (x86)\MiKTeX 2.9\tex\latex\base\omsenc.dfu")
("C:\Program Files (x86)\MiKTeX 2.9\tex\latex\base\ts1enc.dfu"))
("C:\Program Files (x86)\MiKTeX 2.9\tex\latex\base\latin1.def"))
Writing index file Rd2.idx
(C:\Users\Lawson\AppData\Local\Temp\Rd2dvi360047256\Rd2.aux)
("C:\Program Files (x86)\MiKTeX 2.9\tex\latex\base\ts1cmr.fd")
("C:\Program Files (x86)\MiKTeX 2.9\tex\latex\psnfss\t1ptm.fd")
(C:\Users\Lawson\AppData\Roaming\MiKTeX\2.9\tex\context\base\supp-pdf.mkii
[Loading MPS to PDF converter (version 2006.09.02).]
) ("C:\Program Files (x86)\MiKTeX 2.9\tex\latex\hyperref\nameref.sty"
("C:\Program Files (x86)\MiKTeX 2.9\tex\latex\oberdiek\refcount.sty")
("C:\Program Files (x86)\MiKTeX 2.9\tex\generic\oberdiek\gettitlestring.sty"))
(C:\Users\Lawson\AppData\Local\Temp\Rd2dvi360047256\Rd2.out)
(C:\Users\Lawson\AppData\Local\Temp\Rd2dvi360047256\Rd2.out)
("C:\Program Files (x86)\MiKTeX 2.9\tex\latex\psnfss\t1pcr.fd")
("C:\Program Files (x86)\MiKTeX 2.9\tex\latex\psnfss\t1phv.fd")
(C:\Users\Lawson\AppData\Local\Temp\Rd2dvi360047256\Rd2.toc)
("C:\Program Files (x86)\MiKTeX 2.9\tex\latex\base\utf8.def") [1{C:/Users/Lawso
n/AppData/Local/MiKTeX/2.9/pdftex/config/pdftex.map}]
("C:\Program Files (x86)\MiKTeX 2.9\tex\latex\psnfss\ts1pcr.fd")
Overfull \hbox (6.78088pt too wide) in paragraph at lines 62--62
 []\T1/pcr/m/n/10 SCDDL5                  Draper and Lin\TS1/pcr/m/n/10 '\T1/pc
r/m/n/10 s Small Composite Design for[] 

Overfull \hbox (0.78088pt too wide) in paragraph at lines 66--66
 []\T1/pcr/m/n/10 SCDH3                   Hartley\TS1/pcr/m/n/10 '\T1/pcr/m/n/1
0 s Small Composite Design for three[] 

Overfull \hbox (30.78088pt too wide) in paragraph at lines 75--75
 []\T1/pcr/m/n/10 Vdgraph                 this function makes a Variance Disper
sion Graph[] 
[2] ("C:\Program Files (x86)\MiKTeX 2.9\tex\latex\base\utf8.def") [3]
Overfull \hbox (144.78027pt too wide) in paragraph at lines 145--145
 []\T1/pcr/m/n/9 Compare2Vdg("Hartley\TS1/pcr/m/n/9 '\T1/pcr/m/n/9 s Small Comp
osite-5 fac",SCDH5,"Draper and Lin\TS1/pcr/m/n/9 '\T1/pcr/m/n/9 s Small Composi
te-5 fac",SCDDL5)[] 

Overfull \hbox (52.98038pt too wide) in paragraph at lines 152--152
 []\T1/pcr/m/n/9 Compare2Vdg("Box Behnken 3 Factors",BB.des3,"Central Composite
 3 Factors",CCD.des3)[] 
("C:\Program Files (x86)\MiKTeX 2.9\tex\latex\base\utf8.def")
("C:\Program Files (x86)\MiKTeX 2.9\tex\latex\base\utf8.def") [4]
("C:\Program Files (x86)\MiKTeX 2.9\tex\latex\base\utf8.def")
("C:\Program Files (x86)\MiKTeX 2.9\tex\latex\base\utf8.def") [5]
("C:\Program Files (x86)\MiKTeX 2.9\tex\latex\base\utf8.def")
("C:\Program Files (x86)\MiKTeX 2.9\tex\latex\base\utf8.def") [6]
("C:\Program Files (x86)\MiKTeX 2.9\tex\latex\base\utf8.def")
("C:\Program Files (x86)\MiKTeX 2.9\tex\latex\base\utf8.def") [7]
("C:\Program Files (x86)\MiKTeX 2.9\tex\latex\base\utf8.def")
("C:\Program Files (x86)\MiKTeX 2.9\tex\latex\base\utf8.def") [8]
("C:\Program Files (x86)\MiKTeX 2.9\tex\latex\base\utf8.def")
("C:\Program Files (x86)\MiKTeX 2.9\tex\latex\base\utf8.def") [9]
("C:\Program Files (x86)\MiKTeX 2.9\tex\latex\base\utf8.def")
("C:\Program Files (x86)\MiKTeX 2.9\tex\latex\base\utf8.def") [10]
("C:\Program Files (x86)\MiKTeX 2.9\tex\latex\base\utf8.def")
("C:\Program Files (x86)\MiKTeX 2.9\tex\latex\base\utf8.def") [11]
("C:\Program Files (x86)\MiKTeX 2.9\tex\latex\base\utf8.def") [12] [13]
(C:\Users\Lawson\AppData\Local\Temp\Rd2dvi360047256\Rd2.ind [14] [15])
(C:\Users\Lawson\AppData\Local\Temp\Rd2dvi360047256\Rd2.aux)

Package rerunfilecheck Warning: File `Rd2.out' has changed.
(rerunfilecheck)                Rerun to get outlines right
(rerunfilecheck)                or use package `bookmark'.

 )
(see the transcript file for additional information){C:/Program Files (x86)/MiK
TeX 2.9/fonts/enc/dvips/fontname/8r.enc}<C:/Program Files (x86)/MiKTeX 2.9/font
s/type1/public/amsfonts/cm/cmsy10.pfb><C:/Program Files (x86)/MiKTeX 2.9/fonts/
type1/urw/courier/ucrr8a.pfb><C:/Program Files (x86)/MiKTeX 2.9/fonts/type1/urw
/helvetic/uhvr8a.pfb><C:/Program Files (x86)/MiKTeX 2.9/fonts/type1/urw/times/u
tmb8a.pfb><C:/Program Files (x86)/MiKTeX 2.9/fonts/type1/urw/times/utmr8a.pfb><
C:/Program Files (x86)/MiKTeX 2.9/fonts/type1/urw/times/utmr8a.pfb><C:/Program 
Files (x86)/MiKTeX 2.9/fonts/type1/urw/times/utmri8a.pfb>
Output written on Rd2.pdf (15 pages, 138986 bytes).
Transcript written on Rd2.log.
This is pdfTeX, Version 3.1415926-1.40.11 (MiKTeX 2.9)
entering extended mode
(C:\Users\Lawson\AppData\Local\Temp\Rd2dvi360047256\Rd2.tex
LaTeX2e <2009/09/24>
Babel <v3.8l> and hyphenation patterns for english, afrikaans, ancientgreek, ar
abic, armenian, assamese, basque, bengali, bokmal, bulgarian, catalan, coptic, 
croatian, czech, danish, dutch, esperanto, estonian, farsi, finnish, french, ga
lician, german, german-x-2009-06-19, greek, gujarati, hindi, hungarian, iceland
ic, indonesian, interlingua, irish, italian, kannada, kurmanji, lao, latin, lat
vian, lithuanian, malayalam, marathi, mongolian, mongolianlmc, monogreek, ngerm
an, ngerman-x-2009-06-19, nynorsk, oriya, panjabi, pinyin, polish, portuguese, 
romanian, russian, sanskrit, serbian, slovak, slovenian, spanish, swedish, swis
sgerman, tamil, telugu, turkish, turkmen, ukenglish, ukrainian, uppersorbian, u
senglishmax, welsh, loaded.

("C:\Program Files (x86)\MiKTeX 2.9\tex\latex\base\book.cls"
Document Class: book 2007/10/19 v1.4h Standard LaTeX document class
("C:\Program Files (x86)\MiKTeX 2.9\tex\latex\base\bk10.clo"))
(C:/PROGRA~2\R\R-211~1.1\share\texmf\Rd.sty
("C:\Program Files (x86)\MiKTeX 2.9\tex\latex\base\ifthen.sty")
("C:\Program Files (x86)\MiKTeX 2.9\tex\latex\tools\longtable.sty")
("C:\Program Files (x86)\MiKTeX 2.9\tex\latex\tools\bm.sty")
("C:\Program Files (x86)\MiKTeX 2.9\tex\latex\base\alltt.sty")
("C:\Program Files (x86)\MiKTeX 2.9\tex\latex\tools\verbatim.sty")
("C:\Program Files (x86)\MiKTeX 2.9\tex\latex\ltxmisc\url.sty")
(C:/PROGRA~2\R\R-211~1.1\share\texmf\upquote.sty
("C:\Program Files (x86)\MiKTeX 2.9\tex\latex\base\textcomp.sty"
("C:\Program Files (x86)\MiKTeX 2.9\tex\latex\base\ts1enc.def")))
NOT loading ae ("C:\Program Files (x86)\MiKTeX 2.9\tex\latex\base\fontenc.sty"
("C:\Program Files (x86)\MiKTeX 2.9\tex\latex\base\t1enc.def"))
("C:\Program Files (x86)\MiKTeX 2.9\tex\latex\psnfss\times.sty")
NOT loading lmodern
("C:\Program Files (x86)\MiKTeX 2.9\tex\latex\graphics\color.sty"
("C:\Program Files (x86)\MiKTeX 2.9\tex\latex\00miktex\color.cfg")
("C:\Program Files (x86)\MiKTeX 2.9\tex\latex\pdftex-def\pdftex.def"))
("C:\Program Files (x86)\MiKTeX 2.9\tex\latex\hyperref\hyperref.sty"
("C:\Program Files (x86)\MiKTeX 2.9\tex\generic\oberdiek\ltxcmds.sty")
("C:\Program Files (x86)\MiKTeX 2.9\tex\generic\oberdiek\ifpdf.sty")
("C:\Program Files (x86)\MiKTeX 2.9\tex\generic\oberdiek\pdftexcmds.sty"
("C:\Program Files (x86)\MiKTeX 2.9\tex\generic\oberdiek\infwarerr.sty")
("C:\Program Files (x86)\MiKTeX 2.9\tex\generic\oberdiek\ifluatex.sty"))
("C:\Program Files (x86)\MiKTeX 2.9\tex\latex\graphics\keyval.sty")
("C:\Program Files (x86)\MiKTeX 2.9\tex\generic\oberdiek\kvsetkeys.sty"
("C:\Program Files (x86)\MiKTeX 2.9\tex\generic\oberdiek\etexcmds.sty"))
("C:\Program Files (x86)\MiKTeX 2.9\tex\generic\oberdiek\pdfescape.sty")
("C:\Program Files (x86)\MiKTeX 2.9\tex\generic\oberdiek\ifvtex.sty")
("C:\Program Files (x86)\MiKTeX 2.9\tex\generic\ifxetex\ifxetex.sty")
("C:\Program Files (x86)\MiKTeX 2.9\tex\latex\oberdiek\hycolor.sty"
("C:\Program Files (x86)\MiKTeX 2.9\tex\latex\oberdiek\xcolor-patch.sty"))
("C:\Program Files (x86)\MiKTeX 2.9\tex\latex\oberdiek\letltxmacro.sty")
("C:\Program Files (x86)\MiKTeX 2.9\tex\latex\oberdiek\kvoptions.sty")
("C:\Program Files (x86)\MiKTeX 2.9\tex\latex\hyperref\pd1enc.def")
("C:\Program Files (x86)\MiKTeX 2.9\tex\generic\oberdiek\intcalc.sty")
("C:\Program Files (x86)\MiKTeX 2.9\tex\latex\00miktex\hyperref.cfg")
("C:\Program Files (x86)\MiKTeX 2.9\tex\generic\oberdiek\bitset.sty"
("C:\Program Files (x86)\MiKTeX 2.9\tex\generic\oberdiek\bigintcalc.sty"))
("C:\Program Files (x86)\MiKTeX 2.9\tex\generic\oberdiek\atbegshi.sty"))

Package hyperref Message: Driver (autodetected): hpdftex.

("C:\Program Files (x86)\MiKTeX 2.9\tex\latex\hyperref\hpdftex.def"
("C:\Program Files (x86)\MiKTeX 2.9\tex\latex\oberdiek\atveryend.sty")
("C:\Program Files (x86)\MiKTeX 2.9\tex\latex\oberdiek\rerunfilecheck.sty"
("C:\Program Files (x86)\MiKTeX 2.9\tex\generic\oberdiek\uniquecounter.sty")))

Package hyperref Warning: Option `hyperindex' has already been used,
(hyperref)                setting the option has no effect on input line 327.


Package hyperref Warning: Option `pagebackref' has already been used,
(hyperref)                setting the option has no effect on input line 327.

) ("C:\Program Files (x86)\MiKTeX 2.9\tex\latex\base\makeidx.sty")
("C:\Program Files (x86)\MiKTeX 2.9\tex\latex\base\inputenc.sty"
("C:\Program Files (x86)\MiKTeX 2.9\tex\latex\base\utf8.def"
("C:\Program Files (x86)\MiKTeX 2.9\tex\latex\base\t1enc.dfu")
("C:\Program Files (x86)\MiKTeX 2.9\tex\latex\base\ot1enc.dfu")
("C:\Program Files (x86)\MiKTeX 2.9\tex\latex\base\omsenc.dfu")
("C:\Program Files (x86)\MiKTeX 2.9\tex\latex\base\ts1enc.dfu"))
("C:\Program Files (x86)\MiKTeX 2.9\tex\latex\base\latin1.def"))
Writing index file Rd2.idx
(C:\Users\Lawson\AppData\Local\Temp\Rd2dvi360047256\Rd2.aux)
("C:\Program Files (x86)\MiKTeX 2.9\tex\latex\base\ts1cmr.fd")
("C:\Program Files (x86)\MiKTeX 2.9\tex\latex\psnfss\t1ptm.fd")
(C:\Users\Lawson\AppData\Roaming\MiKTeX\2.9\tex\context\base\supp-pdf.mkii
[Loading MPS to PDF converter (version 2006.09.02).]
) ("C:\Program Files (x86)\MiKTeX 2.9\tex\latex\hyperref\nameref.sty"
("C:\Program Files (x86)\MiKTeX 2.9\tex\latex\oberdiek\refcount.sty")
("C:\Program Files (x86)\MiKTeX 2.9\tex\generic\oberdiek\gettitlestring.sty"))
(C:\Users\Lawson\AppData\Local\Temp\Rd2dvi360047256\Rd2.out)
(C:\Users\Lawson\AppData\Local\Temp\Rd2dvi360047256\Rd2.out)
("C:\Program Files (x86)\MiKTeX 2.9\tex\latex\psnfss\t1pcr.fd")
("C:\Program Files (x86)\MiKTeX 2.9\tex\latex\psnfss\t1phv.fd")
(C:\Users\Lawson\AppData\Local\Temp\Rd2dvi360047256\Rd2.toc [1{C:/Users/Lawson/
AppData/Local/MiKTeX/2.9/pdftex/config/pdftex.map}])
("C:\Program Files (x86)\MiKTeX 2.9\tex\latex\base\utf8.def")
("C:\Program Files (x86)\MiKTeX 2.9\tex\latex\psnfss\ts1pcr.fd")
Overfull \hbox (6.78088pt too wide) in paragraph at lines 62--62
 []\T1/pcr/m/n/10 SCDDL5                  Draper and Lin\TS1/pcr/m/n/10 '\T1/pc
r/m/n/10 s Small Composite Design for[] 

Overfull \hbox (0.78088pt too wide) in paragraph at lines 66--66
 []\T1/pcr/m/n/10 SCDH3                   Hartley\TS1/pcr/m/n/10 '\T1/pcr/m/n/1
0 s Small Composite Design for three[] 

Overfull \hbox (30.78088pt too wide) in paragraph at lines 75--75
 []\T1/pcr/m/n/10 Vdgraph                 this function makes a Variance Disper
sion Graph[] 
[2] ("C:\Program Files (x86)\MiKTeX 2.9\tex\latex\base\utf8.def") [3]
Overfull \hbox (144.78027pt too wide) in paragraph at lines 145--145
 []\T1/pcr/m/n/9 Compare2Vdg("Hartley\TS1/pcr/m/n/9 '\T1/pcr/m/n/9 s Small Comp
osite-5 fac",SCDH5,"Draper and Lin\TS1/pcr/m/n/9 '\T1/pcr/m/n/9 s Small Composi
te-5 fac",SCDDL5)[] 

Overfull \hbox (52.98038pt too wide) in paragraph at lines 152--152
 []\T1/pcr/m/n/9 Compare2Vdg("Box Behnken 3 Factors",BB.des3,"Central Composite
 3 Factors",CCD.des3)[] 
("C:\Program Files (x86)\MiKTeX 2.9\tex\latex\base\utf8.def")
("C:\Program Files (x86)\MiKTeX 2.9\tex\latex\base\utf8.def") [4]
("C:\Program Files (x86)\MiKTeX 2.9\tex\latex\base\utf8.def")
("C:\Program Files (x86)\MiKTeX 2.9\tex\latex\base\utf8.def") [5]
("C:\Program Files (x86)\MiKTeX 2.9\tex\latex\base\utf8.def")
("C:\Program Files (x86)\MiKTeX 2.9\tex\latex\base\utf8.def") [6]
("C:\Program Files (x86)\MiKTeX 2.9\tex\latex\base\utf8.def")
("C:\Program Files (x86)\MiKTeX 2.9\tex\latex\base\utf8.def") [7]
("C:\Program Files (x86)\MiKTeX 2.9\tex\latex\base\utf8.def")
("C:\Program Files (x86)\MiKTeX 2.9\tex\latex\base\utf8.def") [8]
("C:\Program Files (x86)\MiKTeX 2.9\tex\latex\base\utf8.def")
("C:\Program Files (x86)\MiKTeX 2.9\tex\latex\base\utf8.def") [9]
("C:\Program Files (x86)\MiKTeX 2.9\tex\latex\base\utf8.def")
("C:\Program Files (x86)\MiKTeX 2.9\tex\latex\base\utf8.def") [10]
("C:\Program Files (x86)\MiKTeX 2.9\tex\latex\base\utf8.def")
("C:\Program Files (x86)\MiKTeX 2.9\tex\latex\base\utf8.def") [11]
("C:\Program Files (x86)\MiKTeX 2.9\tex\latex\base\utf8.def") [12] [13]
(C:\Users\Lawson\AppData\Local\Temp\Rd2dvi360047256\Rd2.ind [14] [15])
(C:\Users\Lawson\AppData\Local\Temp\Rd2dvi360047256\Rd2.aux) )
(see the transcript file for additional information){C:/Program Files (x86)/MiK
TeX 2.9/fonts/enc/dvips/fontname/8r.enc}<C:/Program Files (x86)/MiKTeX 2.9/font
s/type1/public/amsfonts/cm/cmsy10.pfb><C:/Program Files (x86)/MiKTeX 2.9/fonts/
type1/urw/courier/ucrr8a.pfb><C:/Program Files (x86)/MiKTeX 2.9/fonts/type1/urw
/helvetic/uhvr8a.pfb><C:/Program Files (x86)/MiKTeX 2.9/fonts/type1/urw/times/u
tmb8a.pfb><C:/Program Files (x86)/MiKTeX 2.9/fonts/type1/urw/times/utmr8a.pfb><
C:/Program Files (x86)/MiKTeX 2.9/fonts/type1/urw/times/utmr8a.pfb><C:/Program 
Files (x86)/MiKTeX 2.9/fonts/type1/urw/times/utmri8a.pfb>
Output written on Rd2.pdf (15 pages, 139659 bytes).
Transcript written on Rd2.log.
This is pdfTeX, Version 3.1415926-1.40.11 (MiKTeX 2.9)
entering extended mode
(C:\Users\Lawson\AppData\Local\Temp\Rd2dvi360047256\Rd2.tex
LaTeX2e <2009/09/24>
Babel <v3.8l> and hyphenation patterns for english, afrikaans, ancientgreek, ar
abic, armenian, assamese, basque, bengali, bokmal, bulgarian, catalan, coptic, 
croatian, czech, danish, dutch, esperanto, estonian, farsi, finnish, french, ga
lician, german, german-x-2009-06-19, greek, gujarati, hindi, hungarian, iceland
ic, indonesian, interlingua, irish, italian, kannada, kurmanji, lao, latin, lat
vian, lithuanian, malayalam, marathi, mongolian, mongolianlmc, monogreek, ngerm
an, ngerman-x-2009-06-19, nynorsk, oriya, panjabi, pinyin, polish, portuguese, 
romanian, russian, sanskrit, serbian, slovak, slovenian, spanish, swedish, swis
sgerman, tamil, telugu, turkish, turkmen, ukenglish, ukrainian, uppersorbian, u
senglishmax, welsh, loaded.

("C:\Program Files (x86)\MiKTeX 2.9\tex\latex\base\book.cls"
Document Class: book 2007/10/19 v1.4h Standard LaTeX document class
("C:\Program Files (x86)\MiKTeX 2.9\tex\latex\base\bk10.clo"))
(C:/PROGRA~2\R\R-211~1.1\share\texmf\Rd.sty
("C:\Program Files (x86)\MiKTeX 2.9\tex\latex\base\ifthen.sty")
("C:\Program Files (x86)\MiKTeX 2.9\tex\latex\tools\longtable.sty")
("C:\Program Files (x86)\MiKTeX 2.9\tex\latex\tools\bm.sty")
("C:\Program Files (x86)\MiKTeX 2.9\tex\latex\base\alltt.sty")
("C:\Program Files (x86)\MiKTeX 2.9\tex\latex\tools\verbatim.sty")
("C:\Program Files (x86)\MiKTeX 2.9\tex\latex\ltxmisc\url.sty")
(C:/PROGRA~2\R\R-211~1.1\share\texmf\upquote.sty
("C:\Program Files (x86)\MiKTeX 2.9\tex\latex\base\textcomp.sty"
("C:\Program Files (x86)\MiKTeX 2.9\tex\latex\base\ts1enc.def")))
NOT loading ae ("C:\Program Files (x86)\MiKTeX 2.9\tex\latex\base\fontenc.sty"
("C:\Program Files (x86)\MiKTeX 2.9\tex\latex\base\t1enc.def"))
("C:\Program Files (x86)\MiKTeX 2.9\tex\latex\psnfss\times.sty")
NOT loading lmodern
("C:\Program Files (x86)\MiKTeX 2.9\tex\latex\graphics\color.sty"
("C:\Program Files (x86)\MiKTeX 2.9\tex\latex\00miktex\color.cfg")
("C:\Program Files (x86)\MiKTeX 2.9\tex\latex\pdftex-def\pdftex.def"))
("C:\Program Files (x86)\MiKTeX 2.9\tex\latex\hyperref\hyperref.sty"
("C:\Program Files (x86)\MiKTeX 2.9\tex\generic\oberdiek\ltxcmds.sty")
("C:\Program Files (x86)\MiKTeX 2.9\tex\generic\oberdiek\ifpdf.sty")
("C:\Program Files (x86)\MiKTeX 2.9\tex\generic\oberdiek\pdftexcmds.sty"
("C:\Program Files (x86)\MiKTeX 2.9\tex\generic\oberdiek\infwarerr.sty")
("C:\Program Files (x86)\MiKTeX 2.9\tex\generic\oberdiek\ifluatex.sty"))
("C:\Program Files (x86)\MiKTeX 2.9\tex\latex\graphics\keyval.sty")
("C:\Program Files (x86)\MiKTeX 2.9\tex\generic\oberdiek\kvsetkeys.sty"
("C:\Program Files (x86)\MiKTeX 2.9\tex\generic\oberdiek\etexcmds.sty"))
("C:\Program Files (x86)\MiKTeX 2.9\tex\generic\oberdiek\pdfescape.sty")
("C:\Program Files (x86)\MiKTeX 2.9\tex\generic\oberdiek\ifvtex.sty")
("C:\Program Files (x86)\MiKTeX 2.9\tex\generic\ifxetex\ifxetex.sty")
("C:\Program Files (x86)\MiKTeX 2.9\tex\latex\oberdiek\hycolor.sty"
("C:\Program Files (x86)\MiKTeX 2.9\tex\latex\oberdiek\xcolor-patch.sty"))
("C:\Program Files (x86)\MiKTeX 2.9\tex\latex\oberdiek\letltxmacro.sty")
("C:\Program Files (x86)\MiKTeX 2.9\tex\latex\oberdiek\kvoptions.sty")
("C:\Program Files (x86)\MiKTeX 2.9\tex\latex\hyperref\pd1enc.def")
("C:\Program Files (x86)\MiKTeX 2.9\tex\generic\oberdiek\intcalc.sty")
("C:\Program Files (x86)\MiKTeX 2.9\tex\latex\00miktex\hyperref.cfg")
("C:\Program Files (x86)\MiKTeX 2.9\tex\generic\oberdiek\bitset.sty"
("C:\Program Files (x86)\MiKTeX 2.9\tex\generic\oberdiek\bigintcalc.sty"))
("C:\Program Files (x86)\MiKTeX 2.9\tex\generic\oberdiek\atbegshi.sty"))

Package hyperref Message: Driver (autodetected): hpdftex.

("C:\Program Files (x86)\MiKTeX 2.9\tex\latex\hyperref\hpdftex.def"
("C:\Program Files (x86)\MiKTeX 2.9\tex\latex\oberdiek\atveryend.sty")
("C:\Program Files (x86)\MiKTeX 2.9\tex\latex\oberdiek\rerunfilecheck.sty"
("C:\Program Files (x86)\MiKTeX 2.9\tex\generic\oberdiek\uniquecounter.sty")))

Package hyperref Warning: Option `hyperindex' has already been used,
(hyperref)                setting the option has no effect on input line 327.


Package hyperref Warning: Option `pagebackref' has already been used,
(hyperref)                setting the option has no effect on input line 327.

) ("C:\Program Files (x86)\MiKTeX 2.9\tex\latex\base\makeidx.sty")
("C:\Program Files (x86)\MiKTeX 2.9\tex\latex\base\inputenc.sty"
("C:\Program Files (x86)\MiKTeX 2.9\tex\latex\base\utf8.def"
("C:\Program Files (x86)\MiKTeX 2.9\tex\latex\base\t1enc.dfu")
("C:\Program Files (x86)\MiKTeX 2.9\tex\latex\base\ot1enc.dfu")
("C:\Program Files (x86)\MiKTeX 2.9\tex\latex\base\omsenc.dfu")
("C:\Program Files (x86)\MiKTeX 2.9\tex\latex\base\ts1enc.dfu"))
("C:\Program Files (x86)\MiKTeX 2.9\tex\latex\base\latin1.def"))
Writing index file Rd2.idx
(C:\Users\Lawson\AppData\Local\Temp\Rd2dvi360047256\Rd2.aux)
("C:\Program Files (x86)\MiKTeX 2.9\tex\latex\base\ts1cmr.fd")
("C:\Program Files (x86)\MiKTeX 2.9\tex\latex\psnfss\t1ptm.fd")
(C:\Users\Lawson\AppData\Roaming\MiKTeX\2.9\tex\context\base\supp-pdf.mkii
[Loading MPS to PDF converter (version 2006.09.02).]
) ("C:\Program Files (x86)\MiKTeX 2.9\tex\latex\hyperref\nameref.sty"
("C:\Program Files (x86)\MiKTeX 2.9\tex\latex\oberdiek\refcount.sty")
("C:\Program Files (x86)\MiKTeX 2.9\tex\generic\oberdiek\gettitlestring.sty"))
(C:\Users\Lawson\AppData\Local\Temp\Rd2dvi360047256\Rd2.out)
(C:\Users\Lawson\AppData\Local\Temp\Rd2dvi360047256\Rd2.out)
("C:\Program Files (x86)\MiKTeX 2.9\tex\latex\psnfss\t1pcr.fd")
("C:\Program Files (x86)\MiKTeX 2.9\tex\latex\psnfss\t1phv.fd")
(C:\Users\Lawson\AppData\Local\Temp\Rd2dvi360047256\Rd2.toc [1{C:/Users/Lawson/
AppData/Local/MiKTeX/2.9/pdftex/config/pdftex.map}])
("C:\Program Files (x86)\MiKTeX 2.9\tex\latex\base\utf8.def")
("C:\Program Files (x86)\MiKTeX 2.9\tex\latex\psnfss\ts1pcr.fd")
Overfull \hbox (6.78088pt too wide) in paragraph at lines 62--62
 []\T1/pcr/m/n/10 SCDDL5                  Draper and Lin\TS1/pcr/m/n/10 '\T1/pc
r/m/n/10 s Small Composite Design for[] 

Overfull \hbox (0.78088pt too wide) in paragraph at lines 66--66
 []\T1/pcr/m/n/10 SCDH3                   Hartley\TS1/pcr/m/n/10 '\T1/pcr/m/n/1
0 s Small Composite Design for three[] 

Overfull \hbox (30.78088pt too wide) in paragraph at lines 75--75
 []\T1/pcr/m/n/10 Vdgraph                 this function makes a Variance Disper
sion Graph[] 
[2] ("C:\Program Files (x86)\MiKTeX 2.9\tex\latex\base\utf8.def") [3]
Overfull \hbox (144.78027pt too wide) in paragraph at lines 145--145
 []\T1/pcr/m/n/9 Compare2Vdg("Hartley\TS1/pcr/m/n/9 '\T1/pcr/m/n/9 s Small Comp
osite-5 fac",SCDH5,"Draper and Lin\TS1/pcr/m/n/9 '\T1/pcr/m/n/9 s Small Composi
te-5 fac",SCDDL5)[] 

Overfull \hbox (52.98038pt too wide) in paragraph at lines 152--152
 []\T1/pcr/m/n/9 Compare2Vdg("Box Behnken 3 Factors",BB.des3,"Central Composite
 3 Factors",CCD.des3)[] 
("C:\Program Files (x86)\MiKTeX 2.9\tex\latex\base\utf8.def")
("C:\Program Files (x86)\MiKTeX 2.9\tex\latex\base\utf8.def") [4]
("C:\Program Files (x86)\MiKTeX 2.9\tex\latex\base\utf8.def")
("C:\Program Files (x86)\MiKTeX 2.9\tex\latex\base\utf8.def") [5]
("C:\Program Files (x86)\MiKTeX 2.9\tex\latex\base\utf8.def")
("C:\Program Files (x86)\MiKTeX 2.9\tex\latex\base\utf8.def") [6]
("C:\Program Files (x86)\MiKTeX 2.9\tex\latex\base\utf8.def")
("C:\Program Files (x86)\MiKTeX 2.9\tex\latex\base\utf8.def") [7]
("C:\Program Files (x86)\MiKTeX 2.9\tex\latex\base\utf8.def")
("C:\Program Files (x86)\MiKTeX 2.9\tex\latex\base\utf8.def") [8]
("C:\Program Files (x86)\MiKTeX 2.9\tex\latex\base\utf8.def")
("C:\Program Files (x86)\MiKTeX 2.9\tex\latex\base\utf8.def") [9]
("C:\Program Files (x86)\MiKTeX 2.9\tex\latex\base\utf8.def")
("C:\Program Files (x86)\MiKTeX 2.9\tex\latex\base\utf8.def") [10]
("C:\Program Files (x86)\MiKTeX 2.9\tex\latex\base\utf8.def")
("C:\Program Files (x86)\MiKTeX 2.9\tex\latex\base\utf8.def") [11]
("C:\Program Files (x86)\MiKTeX 2.9\tex\latex\base\utf8.def") [12] [13]
(C:\Users\Lawson\AppData\Local\Temp\Rd2dvi360047256\Rd2.ind [14] [15])
(C:\Users\Lawson\AppData\Local\Temp\Rd2dvi360047256\Rd2.aux) )
(see the transcript file for additional information){C:/Program Files (x86)/MiK
TeX 2.9/fonts/enc/dvips/fontname/8r.enc}<C:/Program Files (x86)/MiKTeX 2.9/font
s/type1/public/amsfonts/cm/cmsy10.pfb><C:/Program Files (x86)/MiKTeX 2.9/fonts/
type1/urw/courier/ucrr8a.pfb><C:/Program Files (x86)/MiKTeX 2.9/fonts/type1/urw
/helvetic/uhvr8a.pfb><C:/Program Files (x86)/MiKTeX 2.9/fonts/type1/urw/times/u
tmb8a.pfb><C:/Program Files (x86)/MiKTeX 2.9/fonts/type1/urw/times/utmr8a.pfb><
C:/Program Files (x86)/MiKTeX 2.9/fonts/type1/urw/times/utmr8a.pfb><C:/Program 
Files (x86)/MiKTeX 2.9/fonts/type1/urw/times/utmri8a.pfb>
Output written on Rd2.pdf (15 pages, 139659 bytes).
Transcript written on Rd2.log.
Saving output to 'Vdgraph-manual.pdf' ...
Done
You may want to clean up by 'rm -rf C:/Users/Lawson/AppData/Local/Temp/Rd2dvi360047256'
