* installing *source* package 'Vdgraph' ...
** libs

*** arch - i386
cygwin warning:
  MS-DOS style path detected: C:/PROGRA~1/R/R-30~1.2/etc/i386/Makeconf
  Preferred POSIX equivalent is: /cygdrive/c/PROGRA~1/R/R-30~1.2/etc/i386/Makeconf
  CYGWIN environment variable option "nodosfilewarning" turns off this warning.
  Consult the user's guide for more details about POSIX paths:
    http://cygwin.com/cygwin-ug-net/using.html#using-pathnames
gfortran -m32     -O3  -mtune=core2 -c vdg.f -o vdg.o
gcc -m32 -shared -s -static-libgcc -o Vdgraph.dll tmp.def vdg.o -Ld:/RCompile/CRANpkg/extralibs64/local/lib/i386 -Ld:/RCompile/CRANpkg/extralibs64/local/lib -lgfortran -LC:/PROGRA~1/R/R-30~1.2/bin/i386 -lR
cygwin warning:
  MS-DOS style path detected: C:/PROGRA~1/R/R-30~1.2/etc/i386/Makeconf
  Preferred POSIX equivalent is: /cygdrive/c/PROGRA~1/R/R-30~1.2/etc/i386/Makeconf
  CYGWIN environment variable option "nodosfilewarning" turns off this warning.
  Consult the user's guide for more details about POSIX paths:
    http://cygwin.com/cygwin-ug-net/using.html#using-pathnames
installing to C:/Users/Lawson/Documents/r-forge-project/daewr/pkg/Vdgraph/..Rcheck/Vdgraph/libs/i386

*** arch - x64
cygwin warning:
  MS-DOS style path detected: C:/PROGRA~1/R/R-30~1.2/etc/x64/Makeconf
  Preferred POSIX equivalent is: /cygdrive/c/PROGRA~1/R/R-30~1.2/etc/x64/Makeconf
  CYGWIN environment variable option "nodosfilewarning" turns off this warning.
  Consult the user's guide for more details about POSIX paths:
    http://cygwin.com/cygwin-ug-net/using.html#using-pathnames
gfortran -m64     -O2  -mtune=core2 -c vdg.f -o vdg.o
gcc -m64 -shared -s -static-libgcc -o Vdgraph.dll tmp.def vdg.o -Ld:/RCompile/CRANpkg/extralibs64/local/lib/x64 -Ld:/RCompile/CRANpkg/extralibs64/local/lib -lgfortran -LC:/PROGRA~1/R/R-30~1.2/bin/x64 -lR
cygwin warning:
  MS-DOS style path detected: C:/PROGRA~1/R/R-30~1.2/etc/x64/Makeconf
  Preferred POSIX equivalent is: /cygdrive/c/PROGRA~1/R/R-30~1.2/etc/x64/Makeconf
  CYGWIN environment variable option "nodosfilewarning" turns off this warning.
  Consult the user's guide for more details about POSIX paths:
    http://cygwin.com/cygwin-ug-net/using.html#using-pathnames
installing to C:/Users/Lawson/Documents/r-forge-project/daewr/pkg/Vdgraph/..Rcheck/Vdgraph/libs/x64
** R
** data
** preparing package for lazy loading
** help
*** installing help indices
** building package indices
** testing if installed package can be loaded
*** arch - i386
*** arch - x64
* DONE (Vdgraph)
